#
# A fatal error has been detected by the Java Runtime Environment:
#
#  SIGBUS (0xa) at pc=0x000000030c609f00, pid=27799, tid=7171
#
# JRE version: OpenJDK Runtime Environment Corretto-11.0.13.8.1 (11.0.13+8) (build 11.0.13+8-LTS)
# Java VM: OpenJDK 64-Bit Server VM Corretto-11.0.13.8.1 (11.0.13+8-LTS, mixed mode, tiered, compressed oops, g1 gc, bsd-amd64)
# Problematic frame:
# C  0x000000030c609f00
#
# No core dump will be written. Core dumps have been disabled. To enable core dumping, try "ulimit -c unlimited" before starting Java again
#
# If you would like to submit a bug report, please visit:
#   https://github.com/corretto/corretto-11/issues/
#

---------------  S U M M A R Y ------------

Command Line: -XX:TieredStopAtLevel=1 -Xverify:none -Dspring.output.ansi.enabled=always -javaagent:/Applications/IntelliJ IDEA 2.app/Contents/lib/idea_rt.jar=52015:/Applications/IntelliJ IDEA 2.app/Contents/bin -Dcom.sun.management.jmxremote -Dspring.jmx.enabled=true -Dspring.liveBeansView.mbeanDomain -Dspring.application.admin.enabled=true -agentpath:/private/var/folders/ww/n0yywdw171n27tskx37jqwkw0000gn/T/libasyncProfiler.so=start,jfr,event=cpu,interval=1ms,event=alloc,file=/Users/evgen/NotesStorageApplication__1__2021_11_21_025036.jfr -Dfile.encoding=UTF-8 com.example.notesStorage.NotesStorageApplication

Host: MacBookAir10,1 x86_64 2400 MHz, 8 cores, 16G, Darwin 21.1.0
Time: Sun Nov 21 02:50:38 2021 EET elapsed time: 2.241468 seconds (0d 0h 0m 2s)

---------------  T H R E A D  ---------------

Current thread (0x00007f9b48009000):  JavaThread "main" [_thread_in_vm, id=7171, stack(0x000000030c50d000,0x000000030c60d000)]

Stack: [0x000000030c50d000,0x000000030c60d000],  sp=0x000000030c609f88,  free space=1011k
Native frames: (J=compiled Java code, A=aot compiled Java code, j=interpreted, Vv=VM code, C=native code)
C  0x000000030c609f00

Java frames: (J=compiled Java code, j=interpreted, Vv=VM code)
j  java.util.jar.Manifest$FastInputStream.<init>(Ljava/io/InputStream;I)V+17 java.base@11.0.13
j  java.util.jar.Manifest$FastInputStream.<init>(Ljava/io/InputStream;)V+5 java.base@11.0.13
j  java.util.jar.Manifest.read(Ljava/io/InputStream;)V+5 java.base@11.0.13
j  java.util.jar.Manifest.<init>(Ljava/util/jar/JarVerifier;Ljava/io/InputStream;)V+28 java.base@11.0.13
j  java.util.jar.Manifest.<init>(Ljava/io/InputStream;)V+3 java.base@11.0.13
j  java.util.jar.JarFile.getManifestFromReference()Ljava/util/jar/Manifest;+133 java.base@11.0.13
j  java.util.jar.JarFile.getManifest()Ljava/util/jar/Manifest;+1 java.base@11.0.13
j  jdk.internal.loader.URLClassPath$JarLoader$2.getManifest()Ljava/util/jar/Manifest;+22 java.base@11.0.13
j  jdk.internal.loader.BuiltinClassLoader.defineClass(Ljava/lang/String;Ljdk/internal/loader/Resource;)Ljava/lang/Class;+29 java.base@11.0.13
j  jdk.internal.loader.BuiltinClassLoader.findClassOnClassPathOrNull(Ljava/lang/String;)Ljava/lang/Class;+37 java.base@11.0.13
j  jdk.internal.loader.BuiltinClassLoader.loadClassOrNull(Ljava/lang/String;Z)Ljava/lang/Class;+111 java.base@11.0.13
j  jdk.internal.loader.BuiltinClassLoader.loadClass(Ljava/lang/String;Z)Ljava/lang/Class;+3 java.base@11.0.13
j  jdk.internal.loader.ClassLoaders$AppClassLoader.loadClass(Ljava/lang/String;Z)Ljava/lang/Class;+36 java.base@11.0.13
j  java.lang.ClassLoader.loadClass(Ljava/lang/String;)Ljava/lang/Class;+3 java.base@11.0.13
v  ~StubRoutines::call_stub
j  java.lang.ClassLoader.defineClass1(Ljava/lang/ClassLoader;Ljava/lang/String;[BIILjava/security/ProtectionDomain;Ljava/lang/String;)Ljava/lang/Class;+0 java.base@11.0.13
j  java.lang.ClassLoader.defineClass(Ljava/lang/String;[BIILjava/security/ProtectionDomain;)Ljava/lang/Class;+27 java.base@11.0.13
j  java.security.SecureClassLoader.defineClass(Ljava/lang/String;[BIILjava/security/CodeSource;)Ljava/lang/Class;+12 java.base@11.0.13
j  jdk.internal.loader.BuiltinClassLoader.defineClass(Ljava/lang/String;Ljdk/internal/loader/Resource;)Ljava/lang/Class;+117 java.base@11.0.13
j  jdk.internal.loader.BuiltinClassLoader.findClassOnClassPathOrNull(Ljava/lang/String;)Ljava/lang/Class;+37 java.base@11.0.13
j  jdk.internal.loader.BuiltinClassLoader.loadClassOrNull(Ljava/lang/String;Z)Ljava/lang/Class;+111 java.base@11.0.13
j  jdk.internal.loader.BuiltinClassLoader.loadClass(Ljava/lang/String;Z)Ljava/lang/Class;+3 java.base@11.0.13
j  jdk.internal.loader.ClassLoaders$AppClassLoader.loadClass(Ljava/lang/String;Z)Ljava/lang/Class;+36 java.base@11.0.13
j  java.lang.ClassLoader.loadClass(Ljava/lang/String;)Ljava/lang/Class;+3 java.base@11.0.13
v  ~StubRoutines::call_stub
j  org.springframework.boot.SpringApplicationShutdownHook.<init>()V+43
j  org.springframework.boot.SpringApplication.<clinit>()V+12
v  ~StubRoutines::call_stub
j  com.example.notesStorage.NotesStorageApplication.main([Ljava/lang/String;)V+3
v  ~StubRoutines::call_stub

siginfo: si_signo: 10 (SIGBUS), si_code: 2 (BUS_ADRERR), si_addr: 0x000000030c609f00

Register to memory mapping:

RAX=0x000000010df1f440: _ZN15JfrEventSetting19_jvm_event_settingsE+0 in /Users/evgen/Library/Java/JavaVirtualMachines/corretto-11.0.13/Contents/Home/lib/server/libjvm.dylib at 0x000000010d54e000
RBX=0x000000030c609fa8 is pointing into the stack for thread: 0x00007f9b48009000
RCX=0x00007f9b48009000 is a thread
RDX=0x0000000000002010 is an unknown value
RSP=0x000000030c609f88 is pointing into the stack for thread: 0x00007f9b48009000
RBP=0x000000010db16cda: _ZN12MemAllocator10Allocation17notify_allocationEv+0x16 in /Users/evgen/Library/Java/JavaVirtualMachines/corretto-11.0.13/Contents/Home/lib/server/libjvm.dylib at 0x000000010d54e000
RSI=0x000000070eef6878 is an oop: [B 
{0x000000070eef6878} - klass: {type array byte}
 - length: 8192
RDI=0x000000030c609f58 is pointing into the stack for thread: 0x00007f9b48009000
R8 =0x00007f9b48009000 is a thread
R9 =0x00007f9b48009000 is a thread
R10=0x000000010df3a010: _ZN19TemplateInterpreter13_active_tableE+0x2000 in /Users/evgen/Library/Java/JavaVirtualMachines/corretto-11.0.13/Contents/Home/lib/server/libjvm.dylib at 0x000000010d54e000
R11=0x000000010d77a908: _ZN13CollectedHeap14array_allocateEP5KlassiibP6Thread+0 in /Users/evgen/Library/Java/JavaVirtualMachines/corretto-11.0.13/Contents/Home/lib/server/libjvm.dylib at 0x000000010d54e000
R12=0x0 is NULL
R13=0x0000000132e27dd9 is pointing into metadata
R14=0x000000070eef6878 is an oop: [B 
{0x000000070eef6878} - klass: {type array byte}
 - length: 8192
R15=0x00007f9b48009000 is a thread


Registers:
RAX=0x000000010df1f440, RBX=0x000000030c609fa8, RCX=0x00007f9b48009000, RDX=0x0000000000002010
RSP=0x000000030c609f88, RBP=0x000000010db16cda, RSI=0x000000070eef6878, RDI=0x000000030c609f58
R8 =0x00007f9b48009000, R9 =0x00007f9b48009000, R10=0x000000010df3a010, R11=0x000000010d77a908
R12=0x0000000000000000, R13=0x0000000132e27dd9, R14=0x000000070eef6878, R15=0x00007f9b48009000
RIP=0x000000030c609f00, EFLAGS=0x0000000000000216, ERR=0x0000000000000015
  TRAPNO=0x000000000000000e

Top of Stack: (sp=0x000000030c609f88)
0x000000030c609f88:   000000030c60a000 000000030c609ff0
0x000000030c609f98:   000000010db170cd 0000000132a45998
0x000000030c609fa8:   000000030c60a000 00007f9b48009000
0x000000030c609fb8:   000000030c609fd8 0000000000000000
0x000000030c609fc8:   00000000000012f1 000000030c60a000
0x000000030c609fd8:   000000070eef6878 00007f9b48009000
0x000000030c609fe8:   000000030c60a0e8 000000030c60a030
0x000000030c609ff8:   000000010d77a94b 000000010dec2870
0x000000030c60a008:   00007f9b3f808600 00007f9b48009000
0x000000030c60a018:   0000000800000820 0000000000000402
0x000000030c60a028:   00007f0100002000 000000030c60a060
0x000000030c60a038:   000000010d90afc2 000000070ff11088
0x000000030c60a048:   00007f9b48009000 00000000000000bc
0x000000030c60a058:   000000030c60a0e8 000000030c60a0c8
0x000000030c60a068:   0000000117e5a5b6 0000000117e5a571
0x000000030c60a078:   000000070ee7ad10 000000030c60a080
0x000000030c60a088:   0000000132e27dd9 000000030c60a0e8
0x000000030c60a098:   0000000132e28818 0000000000000000
0x000000030c60a0a8:   000000070fefa7d0 0000000132e27e18
0x000000030c60a0b8:   0000000000000000 000000030c60a0d8
0x000000030c60a0c8:   000000030c60a138 0000000117e47267
0x000000030c60a0d8:   0000000000002000 000000070ee7a900
0x000000030c60a0e8:   000000070ee7ad10 000000030c60a0f0
0x000000030c60a0f8:   0000000132e27d0d 000000030c60a150
0x000000030c60a108:   0000000132e28818 0000000000000000
0x000000030c60a118:   000000070fefa7d0 0000000132e27d38
0x000000030c60a128:   000000030c60a0d8 000000030c60a148
0x000000030c60a138:   000000030c60a1a8 0000000117e47267
0x000000030c60a148:   000000070ee7a900 000000070ee7ad10
0x000000030c60a158:   000000070ee7ad10 000000030c60a160
0x000000030c60a168:   00000001329ea1bd 000000030c60a218
0x000000030c60a178:   0000000132e3bfe0 0000000000000000 

Instructions: (pc=0x000000030c609f00)
0x000000030c609e00:   10 a0 60 0c 03 00 00 00 d0 d5 57 18 01 00 00 00
0x000000030c609e10:   10 a0 60 0c 03 00 00 00 d0 d5 57 18 01 00 00 00
0x000000030c609e20:   10 a0 60 0c 03 00 00 00 50 3e ed 0f 07 00 00 00
0x000000030c609e30:   80 03 f1 0f 07 00 00 00 b0 9e e7 0e 07 00 00 00
0x000000030c609e40:   ff ff ff ff 07 00 00 00 00 00 00 00 00 00 00 00
0x000000030c609e50:   10 a0 60 0c 03 00 00 00 95 fb 5a 18 01 00 00 00
0x000000030c609e60:   70 28 ec 0d 01 00 00 00 25 01 00 00 00 00 00 00
0x000000030c609e70:   25 01 00 00 00 00 00 00 30 ad e7 0e 07 00 00 00
0x000000030c609e80:   10 9f 60 0c 03 00 00 00 8f a6 77 0d 01 00 00 00
0x000000030c609e90:   00 00 00 00 00 00 00 00 00 90 00 48 9b 7f 00 00
0x000000030c609ea0:   c0 82 6d 00 00 60 00 00 00 00 cd 02 00 60 00 00
0x000000030c609eb0:   a8 00 cd 02 00 60 00 00 c8 9f 60 0c 03 00 00 00
0x000000030c609ec0:   d8 00 00 00 00 00 00 00 f1 12 00 00 00 00 00 00
0x000000030c609ed0:   f1 12 00 00 00 00 00 00 10 91 00 48 9b 7f 00 00
0x000000030c609ee0:   78 68 ef 0e 07 00 00 00 18 9f 60 0c 03 00 00 00
0x000000030c609ef0:   d2 db 91 0d 01 00 00 00 10 20 00 00 00 00 00 00
0x000000030c609f00:   10 20 00 00 00 00 00 00 88 97 00 00 00 00 00 00
0x000000030c609f10:   20 08 00 00 08 00 00 00 78 9f 60 0c 03 00 00 00
0x000000030c609f20:   27 cd 64 0d 01 00 00 00 00 00 00 00 00 00 00 00
0x000000030c609f30:   00 00 00 00 00 00 00 00 00 6f b1 0d 01 00 00 00
0x000000030c609f40:   a8 9f 60 0c 03 00 00 00 a8 9f 60 0c 03 00 00 00
0x000000030c609f50:   a8 9f 60 0c 03 00 00 00 00 00 00 00 00 00 00 00
0x000000030c609f60:   a8 9f 60 0c 03 00 00 00 78 68 ef 0e 07 00 00 00
0x000000030c609f70:   00 90 00 48 9b 7f 00 00 da 6c b1 0d 01 00 00 00
0x000000030c609f80:   00 9f 60 0c 03 00 00 00 00 a0 60 0c 03 00 00 00
0x000000030c609f90:   f0 9f 60 0c 03 00 00 00 cd 70 b1 0d 01 00 00 00
0x000000030c609fa0:   98 59 a4 32 01 00 00 00 00 a0 60 0c 03 00 00 00
0x000000030c609fb0:   00 90 00 48 9b 7f 00 00 d8 9f 60 0c 03 00 00 00
0x000000030c609fc0:   00 00 00 00 00 00 00 00 f1 12 00 00 00 00 00 00
0x000000030c609fd0:   00 a0 60 0c 03 00 00 00 78 68 ef 0e 07 00 00 00
0x000000030c609fe0:   00 90 00 48 9b 7f 00 00 e8 a0 60 0c 03 00 00 00
0x000000030c609ff0:   30 a0 60 0c 03 00 00 00 4b a9 77 0d 01 00 00 00 


Stack slot to memory mapping:
stack at sp + 0 slots: 0x000000030c60a000 is pointing into the stack for thread: 0x00007f9b48009000
stack at sp + 1 slots: 0x000000030c609ff0 is pointing into the stack for thread: 0x00007f9b48009000
stack at sp + 2 slots: 0x000000010db170cd: _ZNK12MemAllocator8allocateEv+0x77 in /Users/evgen/Library/Java/JavaVirtualMachines/corretto-11.0.13/Contents/Home/lib/server/libjvm.dylib at 0x000000010d54e000
stack at sp + 3 slots: 0x0000000132a45998 is pointing into metadata
stack at sp + 4 slots: 0x000000030c60a000 is pointing into the stack for thread: 0x00007f9b48009000
stack at sp + 5 slots: 0x00007f9b48009000 is a thread
stack at sp + 6 slots: 0x000000030c609fd8 is pointing into the stack for thread: 0x00007f9b48009000
stack at sp + 7 slots: 0x0 is NULL


---------------  P R O C E S S  ---------------

Threads class SMR info:
_java_thread_list=0x0000600001387540, length=12, elements={
0x00007f9b48009000, 0x00007f9b4801c000, 0x00007f9b4801f000, 0x00007f9b1f00a800,
0x00007f9b1f00d800, 0x00007f9b4f80b000, 0x00007f9b3f84c800, 0x00007f9b508c1800,
0x00007f9b508bc000, 0x00007f9b4f3d0800, 0x00007f9b0f027000, 0x00007f9b0f02b800
}

Java Threads: ( => current thread )
=>0x00007f9b48009000 JavaThread "main" [_thread_in_vm, id=7171, stack(0x000000030c50d000,0x000000030c60d000)]
  0x00007f9b4801c000 JavaThread "Reference Handler" daemon [_thread_blocked, id=16131, stack(0x000000030cc22000,0x000000030cd22000)]
  0x00007f9b4801f000 JavaThread "Finalizer" daemon [_thread_blocked, id=17155, stack(0x000000030cd25000,0x000000030ce25000)]
  0x00007f9b1f00a800 JavaThread "Signal Dispatcher" daemon [_thread_blocked, id=24067, stack(0x000000030cf37000,0x000000030d037000)]
  0x00007f9b1f00d800 JavaThread "Service Thread" daemon [_thread_blocked, id=41475, stack(0x000000030d03a000,0x000000030d13a000)]
  0x00007f9b4f80b000 JavaThread "C1 CompilerThread0" daemon [_thread_in_native, id=40963, stack(0x000000030d13d000,0x000000030d23d000)]
  0x00007f9b3f84c800 JavaThread "Sweeper thread" daemon [_thread_blocked, id=40451, stack(0x000000030d240000,0x000000030d340000)]
  0x00007f9b508c1800 JavaThread "Common-Cleaner" daemon [_thread_blocked, id=25091, stack(0x000000030d343000,0x000000030d443000)]
  0x00007f9b508bc000 JavaThread "Monitor Ctrl-Break" daemon [_thread_in_native, id=38403, stack(0x000000030d446000,0x000000030d546000)]
  0x00007f9b4f3d0800 JavaThread "RMI TCP Accept-0" daemon [_thread_in_native, id=26627, stack(0x000000030d5cc000,0x000000030d6cc000)]
  0x00007f9b0f027000 JavaThread "Attach Listener" daemon [_thread_blocked, id=35331, stack(0x000000030d7d2000,0x000000030d8d2000)]
  0x00007f9b0f02b800 JavaThread "RMI TCP Connection(1)-192.168.1.100" daemon [_thread_in_Java, id=28163, stack(0x000000030d8d5000,0x000000030d9d5000)]

Other Threads:
  0x00007f9b4801b800 VMThread "VM Thread" [stack: 0x000000030cb1f000,0x000000030cc1f000] [id=17667]
  0x00007f9b4f41a000 WatcherThread [stack: 0x000000030d6cf000,0x000000030d7cf000] [id=36383]
  0x00007f9b3f80e800 GCTaskThread "GC Thread#0" [stack: 0x000000030c610000,0x000000030c710000] [id=13315]
  0x00007f9b3f842800 ConcurrentGCThread "G1 Main Marker" [stack: 0x000000030c713000,0x000000030c813000] [id=19715]
  0x00007f9b5080f000 ConcurrentGCThread "G1 Conc#0" [stack: 0x000000030c816000,0x000000030c916000] [id=18947]
  0x00007f9b508af800 ConcurrentGCThread "G1 Refine#0" [stack: 0x000000030c919000,0x000000030ca19000] [id=14083]
  0x00007f9b0f008800 ConcurrentGCThread "G1 Young RemSet Sampling" [stack: 0x000000030ca1c000,0x000000030cb1c000] [id=14339]

Threads with active compile tasks:

VM state:not at safepoint (normal execution)

VM Mutex/Monitor currently owned by a thread: None

Heap address: 0x0000000700000000, size: 4096 MB, Compressed Oops mode: Zero based, Oop shift amount: 3
Narrow klass base: 0x0000000800000000, Narrow klass shift: 0
Compressed class space size: 1073741824 Address: 0x0000000800000000

Heap:
 garbage-first heap   total 262144K, used 17408K [0x0000000700000000, 0x0000000800000000)
  region size 1024K, 18 young (18432K), 0 survivors (0K)
 Metaspace       used 13432K, capacity 13844K, committed 14080K, reserved 1062912K
  class space    used 1382K, capacity 1510K, committed 1536K, reserved 1048576K
Heap Regions: E=young(eden), S=young(survivor), O=old, HS=humongous(starts), HC=humongous(continues), CS=collection set, F=free, A=archive, TAMS=top-at-mark-start (previous, next)
|   0|0x0000000700000000, 0x0000000700100000, 0x0000000700100000|100%|HS|  |TAMS 0x0000000700000000, 0x0000000700000000| Complete 
|   1|0x0000000700100000, 0x0000000700100000, 0x0000000700200000|  0%| F|  |TAMS 0x0000000700100000, 0x0000000700100000| Untracked 
|   2|0x0000000700200000, 0x0000000700200000, 0x0000000700300000|  0%| F|  |TAMS 0x0000000700200000, 0x0000000700200000| Untracked 
|   3|0x0000000700300000, 0x0000000700300000, 0x0000000700400000|  0%| F|  |TAMS 0x0000000700300000, 0x0000000700300000| Untracked 
|   4|0x0000000700400000, 0x0000000700400000, 0x0000000700500000|  0%| F|  |TAMS 0x0000000700400000, 0x0000000700400000| Untracked 
|   5|0x0000000700500000, 0x0000000700500000, 0x0000000700600000|  0%| F|  |TAMS 0x0000000700500000, 0x0000000700500000| Untracked 
|   6|0x0000000700600000, 0x0000000700600000, 0x0000000700700000|  0%| F|  |TAMS 0x0000000700600000, 0x0000000700600000| Untracked 
|   7|0x0000000700700000, 0x0000000700700000, 0x0000000700800000|  0%| F|  |TAMS 0x0000000700700000, 0x0000000700700000| Untracked 
|   8|0x0000000700800000, 0x0000000700800000, 0x0000000700900000|  0%| F|  |TAMS 0x0000000700800000, 0x0000000700800000| Untracked 
|   9|0x0000000700900000, 0x0000000700900000, 0x0000000700a00000|  0%| F|  |TAMS 0x0000000700900000, 0x0000000700900000| Untracked 
|  10|0x0000000700a00000, 0x0000000700a00000, 0x0000000700b00000|  0%| F|  |TAMS 0x0000000700a00000, 0x0000000700a00000| Untracked 
|  11|0x0000000700b00000, 0x0000000700b00000, 0x0000000700c00000|  0%| F|  |TAMS 0x0000000700b00000, 0x0000000700b00000| Untracked 
|  12|0x0000000700c00000, 0x0000000700c00000, 0x0000000700d00000|  0%| F|  |TAMS 0x0000000700c00000, 0x0000000700c00000| Untracked 
|  13|0x0000000700d00000, 0x0000000700d00000, 0x0000000700e00000|  0%| F|  |TAMS 0x0000000700d00000, 0x0000000700d00000| Untracked 
|  14|0x0000000700e00000, 0x0000000700e00000, 0x0000000700f00000|  0%| F|  |TAMS 0x0000000700e00000, 0x0000000700e00000| Untracked 
|  15|0x0000000700f00000, 0x0000000700f00000, 0x0000000701000000|  0%| F|  |TAMS 0x0000000700f00000, 0x0000000700f00000| Untracked 
|  16|0x0000000701000000, 0x0000000701000000, 0x0000000701100000|  0%| F|  |TAMS 0x0000000701000000, 0x0000000701000000| Untracked 
|  17|0x0000000701100000, 0x0000000701100000, 0x0000000701200000|  0%| F|  |TAMS 0x0000000701100000, 0x0000000701100000| Untracked 
|  18|0x0000000701200000, 0x0000000701200000, 0x0000000701300000|  0%| F|  |TAMS 0x0000000701200000, 0x0000000701200000| Untracked 
|  19|0x0000000701300000, 0x0000000701300000, 0x0000000701400000|  0%| F|  |TAMS 0x0000000701300000, 0x0000000701300000| Untracked 
|  20|0x0000000701400000, 0x0000000701400000, 0x0000000701500000|  0%| F|  |TAMS 0x0000000701400000, 0x0000000701400000| Untracked 
|  21|0x0000000701500000, 0x0000000701500000, 0x0000000701600000|  0%| F|  |TAMS 0x0000000701500000, 0x0000000701500000| Untracked 
|  22|0x0000000701600000, 0x0000000701600000, 0x0000000701700000|  0%| F|  |TAMS 0x0000000701600000, 0x0000000701600000| Untracked 
|  23|0x0000000701700000, 0x0000000701700000, 0x0000000701800000|  0%| F|  |TAMS 0x0000000701700000, 0x0000000701700000| Untracked 
|  24|0x0000000701800000, 0x0000000701800000, 0x0000000701900000|  0%| F|  |TAMS 0x0000000701800000, 0x0000000701800000| Untracked 
|  25|0x0000000701900000, 0x0000000701900000, 0x0000000701a00000|  0%| F|  |TAMS 0x0000000701900000, 0x0000000701900000| Untracked 
|  26|0x0000000701a00000, 0x0000000701a00000, 0x0000000701b00000|  0%| F|  |TAMS 0x0000000701a00000, 0x0000000701a00000| Untracked 
|  27|0x0000000701b00000, 0x0000000701b00000, 0x0000000701c00000|  0%| F|  |TAMS 0x0000000701b00000, 0x0000000701b00000| Untracked 
|  28|0x0000000701c00000, 0x0000000701c00000, 0x0000000701d00000|  0%| F|  |TAMS 0x0000000701c00000, 0x0000000701c00000| Untracked 
|  29|0x0000000701d00000, 0x0000000701d00000, 0x0000000701e00000|  0%| F|  |TAMS 0x0000000701d00000, 0x0000000701d00000| Untracked 
|  30|0x0000000701e00000, 0x0000000701e00000, 0x0000000701f00000|  0%| F|  |TAMS 0x0000000701e00000, 0x0000000701e00000| Untracked 
|  31|0x0000000701f00000, 0x0000000701f00000, 0x0000000702000000|  0%| F|  |TAMS 0x0000000701f00000, 0x0000000701f00000| Untracked 
|  32|0x0000000702000000, 0x0000000702000000, 0x0000000702100000|  0%| F|  |TAMS 0x0000000702000000, 0x0000000702000000| Untracked 
|  33|0x0000000702100000, 0x0000000702100000, 0x0000000702200000|  0%| F|  |TAMS 0x0000000702100000, 0x0000000702100000| Untracked 
|  34|0x0000000702200000, 0x0000000702200000, 0x0000000702300000|  0%| F|  |TAMS 0x0000000702200000, 0x0000000702200000| Untracked 
|  35|0x0000000702300000, 0x0000000702300000, 0x0000000702400000|  0%| F|  |TAMS 0x0000000702300000, 0x0000000702300000| Untracked 
|  36|0x0000000702400000, 0x0000000702400000, 0x0000000702500000|  0%| F|  |TAMS 0x0000000702400000, 0x0000000702400000| Untracked 
|  37|0x0000000702500000, 0x0000000702500000, 0x0000000702600000|  0%| F|  |TAMS 0x0000000702500000, 0x0000000702500000| Untracked 
|  38|0x0000000702600000, 0x0000000702600000, 0x0000000702700000|  0%| F|  |TAMS 0x0000000702600000, 0x0000000702600000| Untracked 
|  39|0x0000000702700000, 0x0000000702700000, 0x0000000702800000|  0%| F|  |TAMS 0x0000000702700000, 0x0000000702700000| Untracked 
|  40|0x0000000702800000, 0x0000000702800000, 0x0000000702900000|  0%| F|  |TAMS 0x0000000702800000, 0x0000000702800000| Untracked 
|  41|0x0000000702900000, 0x0000000702900000, 0x0000000702a00000|  0%| F|  |TAMS 0x0000000702900000, 0x0000000702900000| Untracked 
|  42|0x0000000702a00000, 0x0000000702a00000, 0x0000000702b00000|  0%| F|  |TAMS 0x0000000702a00000, 0x0000000702a00000| Untracked 
|  43|0x0000000702b00000, 0x0000000702b00000, 0x0000000702c00000|  0%| F|  |TAMS 0x0000000702b00000, 0x0000000702b00000| Untracked 
|  44|0x0000000702c00000, 0x0000000702c00000, 0x0000000702d00000|  0%| F|  |TAMS 0x0000000702c00000, 0x0000000702c00000| Untracked 
|  45|0x0000000702d00000, 0x0000000702d00000, 0x0000000702e00000|  0%| F|  |TAMS 0x0000000702d00000, 0x0000000702d00000| Untracked 
|  46|0x0000000702e00000, 0x0000000702e00000, 0x0000000702f00000|  0%| F|  |TAMS 0x0000000702e00000, 0x0000000702e00000| Untracked 
|  47|0x0000000702f00000, 0x0000000702f00000, 0x0000000703000000|  0%| F|  |TAMS 0x0000000702f00000, 0x0000000702f00000| Untracked 
|  48|0x0000000703000000, 0x0000000703000000, 0x0000000703100000|  0%| F|  |TAMS 0x0000000703000000, 0x0000000703000000| Untracked 
|  49|0x0000000703100000, 0x0000000703100000, 0x0000000703200000|  0%| F|  |TAMS 0x0000000703100000, 0x0000000703100000| Untracked 
|  50|0x0000000703200000, 0x0000000703200000, 0x0000000703300000|  0%| F|  |TAMS 0x0000000703200000, 0x0000000703200000| Untracked 
|  51|0x0000000703300000, 0x0000000703300000, 0x0000000703400000|  0%| F|  |TAMS 0x0000000703300000, 0x0000000703300000| Untracked 
|  52|0x0000000703400000, 0x0000000703400000, 0x0000000703500000|  0%| F|  |TAMS 0x0000000703400000, 0x0000000703400000| Untracked 
|  53|0x0000000703500000, 0x0000000703500000, 0x0000000703600000|  0%| F|  |TAMS 0x0000000703500000, 0x0000000703500000| Untracked 
|  54|0x0000000703600000, 0x0000000703600000, 0x0000000703700000|  0%| F|  |TAMS 0x0000000703600000, 0x0000000703600000| Untracked 
|  55|0x0000000703700000, 0x0000000703700000, 0x0000000703800000|  0%| F|  |TAMS 0x0000000703700000, 0x0000000703700000| Untracked 
|  56|0x0000000703800000, 0x0000000703800000, 0x0000000703900000|  0%| F|  |TAMS 0x0000000703800000, 0x0000000703800000| Untracked 
|  57|0x0000000703900000, 0x0000000703900000, 0x0000000703a00000|  0%| F|  |TAMS 0x0000000703900000, 0x0000000703900000| Untracked 
|  58|0x0000000703a00000, 0x0000000703a00000, 0x0000000703b00000|  0%| F|  |TAMS 0x0000000703a00000, 0x0000000703a00000| Untracked 
|  59|0x0000000703b00000, 0x0000000703b00000, 0x0000000703c00000|  0%| F|  |TAMS 0x0000000703b00000, 0x0000000703b00000| Untracked 
|  60|0x0000000703c00000, 0x0000000703c00000, 0x0000000703d00000|  0%| F|  |TAMS 0x0000000703c00000, 0x0000000703c00000| Untracked 
|  61|0x0000000703d00000, 0x0000000703d00000, 0x0000000703e00000|  0%| F|  |TAMS 0x0000000703d00000, 0x0000000703d00000| Untracked 
|  62|0x0000000703e00000, 0x0000000703e00000, 0x0000000703f00000|  0%| F|  |TAMS 0x0000000703e00000, 0x0000000703e00000| Untracked 
|  63|0x0000000703f00000, 0x0000000703f00000, 0x0000000704000000|  0%| F|  |TAMS 0x0000000703f00000, 0x0000000703f00000| Untracked 
|  64|0x0000000704000000, 0x0000000704000000, 0x0000000704100000|  0%| F|  |TAMS 0x0000000704000000, 0x0000000704000000| Untracked 
|  65|0x0000000704100000, 0x0000000704100000, 0x0000000704200000|  0%| F|  |TAMS 0x0000000704100000, 0x0000000704100000| Untracked 
|  66|0x0000000704200000, 0x0000000704200000, 0x0000000704300000|  0%| F|  |TAMS 0x0000000704200000, 0x0000000704200000| Untracked 
|  67|0x0000000704300000, 0x0000000704300000, 0x0000000704400000|  0%| F|  |TAMS 0x0000000704300000, 0x0000000704300000| Untracked 
|  68|0x0000000704400000, 0x0000000704400000, 0x0000000704500000|  0%| F|  |TAMS 0x0000000704400000, 0x0000000704400000| Untracked 
|  69|0x0000000704500000, 0x0000000704500000, 0x0000000704600000|  0%| F|  |TAMS 0x0000000704500000, 0x0000000704500000| Untracked 
|  70|0x0000000704600000, 0x0000000704600000, 0x0000000704700000|  0%| F|  |TAMS 0x0000000704600000, 0x0000000704600000| Untracked 
|  71|0x0000000704700000, 0x0000000704700000, 0x0000000704800000|  0%| F|  |TAMS 0x0000000704700000, 0x0000000704700000| Untracked 
|  72|0x0000000704800000, 0x0000000704800000, 0x0000000704900000|  0%| F|  |TAMS 0x0000000704800000, 0x0000000704800000| Untracked 
|  73|0x0000000704900000, 0x0000000704900000, 0x0000000704a00000|  0%| F|  |TAMS 0x0000000704900000, 0x0000000704900000| Untracked 
|  74|0x0000000704a00000, 0x0000000704a00000, 0x0000000704b00000|  0%| F|  |TAMS 0x0000000704a00000, 0x0000000704a00000| Untracked 
|  75|0x0000000704b00000, 0x0000000704b00000, 0x0000000704c00000|  0%| F|  |TAMS 0x0000000704b00000, 0x0000000704b00000| Untracked 
|  76|0x0000000704c00000, 0x0000000704c00000, 0x0000000704d00000|  0%| F|  |TAMS 0x0000000704c00000, 0x0000000704c00000| Untracked 
|  77|0x0000000704d00000, 0x0000000704d00000, 0x0000000704e00000|  0%| F|  |TAMS 0x0000000704d00000, 0x0000000704d00000| Untracked 
|  78|0x0000000704e00000, 0x0000000704e00000, 0x0000000704f00000|  0%| F|  |TAMS 0x0000000704e00000, 0x0000000704e00000| Untracked 
|  79|0x0000000704f00000, 0x0000000704f00000, 0x0000000705000000|  0%| F|  |TAMS 0x0000000704f00000, 0x0000000704f00000| Untracked 
|  80|0x0000000705000000, 0x0000000705000000, 0x0000000705100000|  0%| F|  |TAMS 0x0000000705000000, 0x0000000705000000| Untracked 
|  81|0x0000000705100000, 0x0000000705100000, 0x0000000705200000|  0%| F|  |TAMS 0x0000000705100000, 0x0000000705100000| Untracked 
|  82|0x0000000705200000, 0x0000000705200000, 0x0000000705300000|  0%| F|  |TAMS 0x0000000705200000, 0x0000000705200000| Untracked 
|  83|0x0000000705300000, 0x0000000705300000, 0x0000000705400000|  0%| F|  |TAMS 0x0000000705300000, 0x0000000705300000| Untracked 
|  84|0x0000000705400000, 0x0000000705400000, 0x0000000705500000|  0%| F|  |TAMS 0x0000000705400000, 0x0000000705400000| Untracked 
|  85|0x0000000705500000, 0x0000000705500000, 0x0000000705600000|  0%| F|  |TAMS 0x0000000705500000, 0x0000000705500000| Untracked 
|  86|0x0000000705600000, 0x0000000705600000, 0x0000000705700000|  0%| F|  |TAMS 0x0000000705600000, 0x0000000705600000| Untracked 
|  87|0x0000000705700000, 0x0000000705700000, 0x0000000705800000|  0%| F|  |TAMS 0x0000000705700000, 0x0000000705700000| Untracked 
|  88|0x0000000705800000, 0x0000000705800000, 0x0000000705900000|  0%| F|  |TAMS 0x0000000705800000, 0x0000000705800000| Untracked 
|  89|0x0000000705900000, 0x0000000705900000, 0x0000000705a00000|  0%| F|  |TAMS 0x0000000705900000, 0x0000000705900000| Untracked 
|  90|0x0000000705a00000, 0x0000000705a00000, 0x0000000705b00000|  0%| F|  |TAMS 0x0000000705a00000, 0x0000000705a00000| Untracked 
|  91|0x0000000705b00000, 0x0000000705b00000, 0x0000000705c00000|  0%| F|  |TAMS 0x0000000705b00000, 0x0000000705b00000| Untracked 
|  92|0x0000000705c00000, 0x0000000705c00000, 0x0000000705d00000|  0%| F|  |TAMS 0x0000000705c00000, 0x0000000705c00000| Untracked 
|  93|0x0000000705d00000, 0x0000000705d00000, 0x0000000705e00000|  0%| F|  |TAMS 0x0000000705d00000, 0x0000000705d00000| Untracked 
|  94|0x0000000705e00000, 0x0000000705e00000, 0x0000000705f00000|  0%| F|  |TAMS 0x0000000705e00000, 0x0000000705e00000| Untracked 
|  95|0x0000000705f00000, 0x0000000705f00000, 0x0000000706000000|  0%| F|  |TAMS 0x0000000705f00000, 0x0000000705f00000| Untracked 
|  96|0x0000000706000000, 0x0000000706000000, 0x0000000706100000|  0%| F|  |TAMS 0x0000000706000000, 0x0000000706000000| Untracked 
|  97|0x0000000706100000, 0x0000000706100000, 0x0000000706200000|  0%| F|  |TAMS 0x0000000706100000, 0x0000000706100000| Untracked 
|  98|0x0000000706200000, 0x0000000706200000, 0x0000000706300000|  0%| F|  |TAMS 0x0000000706200000, 0x0000000706200000| Untracked 
|  99|0x0000000706300000, 0x0000000706300000, 0x0000000706400000|  0%| F|  |TAMS 0x0000000706300000, 0x0000000706300000| Untracked 
| 100|0x0000000706400000, 0x0000000706400000, 0x0000000706500000|  0%| F|  |TAMS 0x0000000706400000, 0x0000000706400000| Untracked 
| 101|0x0000000706500000, 0x0000000706500000, 0x0000000706600000|  0%| F|  |TAMS 0x0000000706500000, 0x0000000706500000| Untracked 
| 102|0x0000000706600000, 0x0000000706600000, 0x0000000706700000|  0%| F|  |TAMS 0x0000000706600000, 0x0000000706600000| Untracked 
| 103|0x0000000706700000, 0x0000000706700000, 0x0000000706800000|  0%| F|  |TAMS 0x0000000706700000, 0x0000000706700000| Untracked 
| 104|0x0000000706800000, 0x0000000706800000, 0x0000000706900000|  0%| F|  |TAMS 0x0000000706800000, 0x0000000706800000| Untracked 
| 105|0x0000000706900000, 0x0000000706900000, 0x0000000706a00000|  0%| F|  |TAMS 0x0000000706900000, 0x0000000706900000| Untracked 
| 106|0x0000000706a00000, 0x0000000706a00000, 0x0000000706b00000|  0%| F|  |TAMS 0x0000000706a00000, 0x0000000706a00000| Untracked 
| 107|0x0000000706b00000, 0x0000000706b00000, 0x0000000706c00000|  0%| F|  |TAMS 0x0000000706b00000, 0x0000000706b00000| Untracked 
| 108|0x0000000706c00000, 0x0000000706c00000, 0x0000000706d00000|  0%| F|  |TAMS 0x0000000706c00000, 0x0000000706c00000| Untracked 
| 109|0x0000000706d00000, 0x0000000706d00000, 0x0000000706e00000|  0%| F|  |TAMS 0x0000000706d00000, 0x0000000706d00000| Untracked 
| 110|0x0000000706e00000, 0x0000000706e00000, 0x0000000706f00000|  0%| F|  |TAMS 0x0000000706e00000, 0x0000000706e00000| Untracked 
| 111|0x0000000706f00000, 0x0000000706f00000, 0x0000000707000000|  0%| F|  |TAMS 0x0000000706f00000, 0x0000000706f00000| Untracked 
| 112|0x0000000707000000, 0x0000000707000000, 0x0000000707100000|  0%| F|  |TAMS 0x0000000707000000, 0x0000000707000000| Untracked 
| 113|0x0000000707100000, 0x0000000707100000, 0x0000000707200000|  0%| F|  |TAMS 0x0000000707100000, 0x0000000707100000| Untracked 
| 114|0x0000000707200000, 0x0000000707200000, 0x0000000707300000|  0%| F|  |TAMS 0x0000000707200000, 0x0000000707200000| Untracked 
| 115|0x0000000707300000, 0x0000000707300000, 0x0000000707400000|  0%| F|  |TAMS 0x0000000707300000, 0x0000000707300000| Untracked 
| 116|0x0000000707400000, 0x0000000707400000, 0x0000000707500000|  0%| F|  |TAMS 0x0000000707400000, 0x0000000707400000| Untracked 
| 117|0x0000000707500000, 0x0000000707500000, 0x0000000707600000|  0%| F|  |TAMS 0x0000000707500000, 0x0000000707500000| Untracked 
| 118|0x0000000707600000, 0x0000000707600000, 0x0000000707700000|  0%| F|  |TAMS 0x0000000707600000, 0x0000000707600000| Untracked 
| 119|0x0000000707700000, 0x0000000707700000, 0x0000000707800000|  0%| F|  |TAMS 0x0000000707700000, 0x0000000707700000| Untracked 
| 120|0x0000000707800000, 0x0000000707800000, 0x0000000707900000|  0%| F|  |TAMS 0x0000000707800000, 0x0000000707800000| Untracked 
| 121|0x0000000707900000, 0x0000000707900000, 0x0000000707a00000|  0%| F|  |TAMS 0x0000000707900000, 0x0000000707900000| Untracked 
| 122|0x0000000707a00000, 0x0000000707a00000, 0x0000000707b00000|  0%| F|  |TAMS 0x0000000707a00000, 0x0000000707a00000| Untracked 
| 123|0x0000000707b00000, 0x0000000707b00000, 0x0000000707c00000|  0%| F|  |TAMS 0x0000000707b00000, 0x0000000707b00000| Untracked 
| 124|0x0000000707c00000, 0x0000000707c00000, 0x0000000707d00000|  0%| F|  |TAMS 0x0000000707c00000, 0x0000000707c00000| Untracked 
| 125|0x0000000707d00000, 0x0000000707d00000, 0x0000000707e00000|  0%| F|  |TAMS 0x0000000707d00000, 0x0000000707d00000| Untracked 
| 126|0x0000000707e00000, 0x0000000707e00000, 0x0000000707f00000|  0%| F|  |TAMS 0x0000000707e00000, 0x0000000707e00000| Untracked 
| 127|0x0000000707f00000, 0x0000000707f00000, 0x0000000708000000|  0%| F|  |TAMS 0x0000000707f00000, 0x0000000707f00000| Untracked 
| 128|0x0000000708000000, 0x0000000708000000, 0x0000000708100000|  0%| F|  |TAMS 0x0000000708000000, 0x0000000708000000| Untracked 
| 129|0x0000000708100000, 0x0000000708100000, 0x0000000708200000|  0%| F|  |TAMS 0x0000000708100000, 0x0000000708100000| Untracked 
| 130|0x0000000708200000, 0x0000000708200000, 0x0000000708300000|  0%| F|  |TAMS 0x0000000708200000, 0x0000000708200000| Untracked 
| 131|0x0000000708300000, 0x0000000708300000, 0x0000000708400000|  0%| F|  |TAMS 0x0000000708300000, 0x0000000708300000| Untracked 
| 132|0x0000000708400000, 0x0000000708400000, 0x0000000708500000|  0%| F|  |TAMS 0x0000000708400000, 0x0000000708400000| Untracked 
| 133|0x0000000708500000, 0x0000000708500000, 0x0000000708600000|  0%| F|  |TAMS 0x0000000708500000, 0x0000000708500000| Untracked 
| 134|0x0000000708600000, 0x0000000708600000, 0x0000000708700000|  0%| F|  |TAMS 0x0000000708600000, 0x0000000708600000| Untracked 
| 135|0x0000000708700000, 0x0000000708700000, 0x0000000708800000|  0%| F|  |TAMS 0x0000000708700000, 0x0000000708700000| Untracked 
| 136|0x0000000708800000, 0x0000000708800000, 0x0000000708900000|  0%| F|  |TAMS 0x0000000708800000, 0x0000000708800000| Untracked 
| 137|0x0000000708900000, 0x0000000708900000, 0x0000000708a00000|  0%| F|  |TAMS 0x0000000708900000, 0x0000000708900000| Untracked 
| 138|0x0000000708a00000, 0x0000000708a00000, 0x0000000708b00000|  0%| F|  |TAMS 0x0000000708a00000, 0x0000000708a00000| Untracked 
| 139|0x0000000708b00000, 0x0000000708b00000, 0x0000000708c00000|  0%| F|  |TAMS 0x0000000708b00000, 0x0000000708b00000| Untracked 
| 140|0x0000000708c00000, 0x0000000708c00000, 0x0000000708d00000|  0%| F|  |TAMS 0x0000000708c00000, 0x0000000708c00000| Untracked 
| 141|0x0000000708d00000, 0x0000000708d00000, 0x0000000708e00000|  0%| F|  |TAMS 0x0000000708d00000, 0x0000000708d00000| Untracked 
| 142|0x0000000708e00000, 0x0000000708e00000, 0x0000000708f00000|  0%| F|  |TAMS 0x0000000708e00000, 0x0000000708e00000| Untracked 
| 143|0x0000000708f00000, 0x0000000708f00000, 0x0000000709000000|  0%| F|  |TAMS 0x0000000708f00000, 0x0000000708f00000| Untracked 
| 144|0x0000000709000000, 0x0000000709000000, 0x0000000709100000|  0%| F|  |TAMS 0x0000000709000000, 0x0000000709000000| Untracked 
| 145|0x0000000709100000, 0x0000000709100000, 0x0000000709200000|  0%| F|  |TAMS 0x0000000709100000, 0x0000000709100000| Untracked 
| 146|0x0000000709200000, 0x0000000709200000, 0x0000000709300000|  0%| F|  |TAMS 0x0000000709200000, 0x0000000709200000| Untracked 
| 147|0x0000000709300000, 0x0000000709300000, 0x0000000709400000|  0%| F|  |TAMS 0x0000000709300000, 0x0000000709300000| Untracked 
| 148|0x0000000709400000, 0x0000000709400000, 0x0000000709500000|  0%| F|  |TAMS 0x0000000709400000, 0x0000000709400000| Untracked 
| 149|0x0000000709500000, 0x0000000709500000, 0x0000000709600000|  0%| F|  |TAMS 0x0000000709500000, 0x0000000709500000| Untracked 
| 150|0x0000000709600000, 0x0000000709600000, 0x0000000709700000|  0%| F|  |TAMS 0x0000000709600000, 0x0000000709600000| Untracked 
| 151|0x0000000709700000, 0x0000000709700000, 0x0000000709800000|  0%| F|  |TAMS 0x0000000709700000, 0x0000000709700000| Untracked 
| 152|0x0000000709800000, 0x0000000709800000, 0x0000000709900000|  0%| F|  |TAMS 0x0000000709800000, 0x0000000709800000| Untracked 
| 153|0x0000000709900000, 0x0000000709900000, 0x0000000709a00000|  0%| F|  |TAMS 0x0000000709900000, 0x0000000709900000| Untracked 
| 154|0x0000000709a00000, 0x0000000709a00000, 0x0000000709b00000|  0%| F|  |TAMS 0x0000000709a00000, 0x0000000709a00000| Untracked 
| 155|0x0000000709b00000, 0x0000000709b00000, 0x0000000709c00000|  0%| F|  |TAMS 0x0000000709b00000, 0x0000000709b00000| Untracked 
| 156|0x0000000709c00000, 0x0000000709c00000, 0x0000000709d00000|  0%| F|  |TAMS 0x0000000709c00000, 0x0000000709c00000| Untracked 
| 157|0x0000000709d00000, 0x0000000709d00000, 0x0000000709e00000|  0%| F|  |TAMS 0x0000000709d00000, 0x0000000709d00000| Untracked 
| 158|0x0000000709e00000, 0x0000000709e00000, 0x0000000709f00000|  0%| F|  |TAMS 0x0000000709e00000, 0x0000000709e00000| Untracked 
| 159|0x0000000709f00000, 0x0000000709f00000, 0x000000070a000000|  0%| F|  |TAMS 0x0000000709f00000, 0x0000000709f00000| Untracked 
| 160|0x000000070a000000, 0x000000070a000000, 0x000000070a100000|  0%| F|  |TAMS 0x000000070a000000, 0x000000070a000000| Untracked 
| 161|0x000000070a100000, 0x000000070a100000, 0x000000070a200000|  0%| F|  |TAMS 0x000000070a100000, 0x000000070a100000| Untracked 
| 162|0x000000070a200000, 0x000000070a200000, 0x000000070a300000|  0%| F|  |TAMS 0x000000070a200000, 0x000000070a200000| Untracked 
| 163|0x000000070a300000, 0x000000070a300000, 0x000000070a400000|  0%| F|  |TAMS 0x000000070a300000, 0x000000070a300000| Untracked 
| 164|0x000000070a400000, 0x000000070a400000, 0x000000070a500000|  0%| F|  |TAMS 0x000000070a400000, 0x000000070a400000| Untracked 
| 165|0x000000070a500000, 0x000000070a500000, 0x000000070a600000|  0%| F|  |TAMS 0x000000070a500000, 0x000000070a500000| Untracked 
| 166|0x000000070a600000, 0x000000070a600000, 0x000000070a700000|  0%| F|  |TAMS 0x000000070a600000, 0x000000070a600000| Untracked 
| 167|0x000000070a700000, 0x000000070a700000, 0x000000070a800000|  0%| F|  |TAMS 0x000000070a700000, 0x000000070a700000| Untracked 
| 168|0x000000070a800000, 0x000000070a800000, 0x000000070a900000|  0%| F|  |TAMS 0x000000070a800000, 0x000000070a800000| Untracked 
| 169|0x000000070a900000, 0x000000070a900000, 0x000000070aa00000|  0%| F|  |TAMS 0x000000070a900000, 0x000000070a900000| Untracked 
| 170|0x000000070aa00000, 0x000000070aa00000, 0x000000070ab00000|  0%| F|  |TAMS 0x000000070aa00000, 0x000000070aa00000| Untracked 
| 171|0x000000070ab00000, 0x000000070ab00000, 0x000000070ac00000|  0%| F|  |TAMS 0x000000070ab00000, 0x000000070ab00000| Untracked 
| 172|0x000000070ac00000, 0x000000070ac00000, 0x000000070ad00000|  0%| F|  |TAMS 0x000000070ac00000, 0x000000070ac00000| Untracked 
| 173|0x000000070ad00000, 0x000000070ad00000, 0x000000070ae00000|  0%| F|  |TAMS 0x000000070ad00000, 0x000000070ad00000| Untracked 
| 174|0x000000070ae00000, 0x000000070ae00000, 0x000000070af00000|  0%| F|  |TAMS 0x000000070ae00000, 0x000000070ae00000| Untracked 
| 175|0x000000070af00000, 0x000000070af00000, 0x000000070b000000|  0%| F|  |TAMS 0x000000070af00000, 0x000000070af00000| Untracked 
| 176|0x000000070b000000, 0x000000070b000000, 0x000000070b100000|  0%| F|  |TAMS 0x000000070b000000, 0x000000070b000000| Untracked 
| 177|0x000000070b100000, 0x000000070b100000, 0x000000070b200000|  0%| F|  |TAMS 0x000000070b100000, 0x000000070b100000| Untracked 
| 178|0x000000070b200000, 0x000000070b200000, 0x000000070b300000|  0%| F|  |TAMS 0x000000070b200000, 0x000000070b200000| Untracked 
| 179|0x000000070b300000, 0x000000070b300000, 0x000000070b400000|  0%| F|  |TAMS 0x000000070b300000, 0x000000070b300000| Untracked 
| 180|0x000000070b400000, 0x000000070b400000, 0x000000070b500000|  0%| F|  |TAMS 0x000000070b400000, 0x000000070b400000| Untracked 
| 181|0x000000070b500000, 0x000000070b500000, 0x000000070b600000|  0%| F|  |TAMS 0x000000070b500000, 0x000000070b500000| Untracked 
| 182|0x000000070b600000, 0x000000070b600000, 0x000000070b700000|  0%| F|  |TAMS 0x000000070b600000, 0x000000070b600000| Untracked 
| 183|0x000000070b700000, 0x000000070b700000, 0x000000070b800000|  0%| F|  |TAMS 0x000000070b700000, 0x000000070b700000| Untracked 
| 184|0x000000070b800000, 0x000000070b800000, 0x000000070b900000|  0%| F|  |TAMS 0x000000070b800000, 0x000000070b800000| Untracked 
| 185|0x000000070b900000, 0x000000070b900000, 0x000000070ba00000|  0%| F|  |TAMS 0x000000070b900000, 0x000000070b900000| Untracked 
| 186|0x000000070ba00000, 0x000000070ba00000, 0x000000070bb00000|  0%| F|  |TAMS 0x000000070ba00000, 0x000000070ba00000| Untracked 
| 187|0x000000070bb00000, 0x000000070bb00000, 0x000000070bc00000|  0%| F|  |TAMS 0x000000070bb00000, 0x000000070bb00000| Untracked 
| 188|0x000000070bc00000, 0x000000070bc00000, 0x000000070bd00000|  0%| F|  |TAMS 0x000000070bc00000, 0x000000070bc00000| Untracked 
| 189|0x000000070bd00000, 0x000000070bd00000, 0x000000070be00000|  0%| F|  |TAMS 0x000000070bd00000, 0x000000070bd00000| Untracked 
| 190|0x000000070be00000, 0x000000070be00000, 0x000000070bf00000|  0%| F|  |TAMS 0x000000070be00000, 0x000000070be00000| Untracked 
| 191|0x000000070bf00000, 0x000000070bf00000, 0x000000070c000000|  0%| F|  |TAMS 0x000000070bf00000, 0x000000070bf00000| Untracked 
| 192|0x000000070c000000, 0x000000070c000000, 0x000000070c100000|  0%| F|  |TAMS 0x000000070c000000, 0x000000070c000000| Untracked 
| 193|0x000000070c100000, 0x000000070c100000, 0x000000070c200000|  0%| F|  |TAMS 0x000000070c100000, 0x000000070c100000| Untracked 
| 194|0x000000070c200000, 0x000000070c200000, 0x000000070c300000|  0%| F|  |TAMS 0x000000070c200000, 0x000000070c200000| Untracked 
| 195|0x000000070c300000, 0x000000070c300000, 0x000000070c400000|  0%| F|  |TAMS 0x000000070c300000, 0x000000070c300000| Untracked 
| 196|0x000000070c400000, 0x000000070c400000, 0x000000070c500000|  0%| F|  |TAMS 0x000000070c400000, 0x000000070c400000| Untracked 
| 197|0x000000070c500000, 0x000000070c500000, 0x000000070c600000|  0%| F|  |TAMS 0x000000070c500000, 0x000000070c500000| Untracked 
| 198|0x000000070c600000, 0x000000070c600000, 0x000000070c700000|  0%| F|  |TAMS 0x000000070c600000, 0x000000070c600000| Untracked 
| 199|0x000000070c700000, 0x000000070c700000, 0x000000070c800000|  0%| F|  |TAMS 0x000000070c700000, 0x000000070c700000| Untracked 
| 200|0x000000070c800000, 0x000000070c800000, 0x000000070c900000|  0%| F|  |TAMS 0x000000070c800000, 0x000000070c800000| Untracked 
| 201|0x000000070c900000, 0x000000070c900000, 0x000000070ca00000|  0%| F|  |TAMS 0x000000070c900000, 0x000000070c900000| Untracked 
| 202|0x000000070ca00000, 0x000000070ca00000, 0x000000070cb00000|  0%| F|  |TAMS 0x000000070ca00000, 0x000000070ca00000| Untracked 
| 203|0x000000070cb00000, 0x000000070cb00000, 0x000000070cc00000|  0%| F|  |TAMS 0x000000070cb00000, 0x000000070cb00000| Untracked 
| 204|0x000000070cc00000, 0x000000070cc00000, 0x000000070cd00000|  0%| F|  |TAMS 0x000000070cc00000, 0x000000070cc00000| Untracked 
| 205|0x000000070cd00000, 0x000000070cd00000, 0x000000070ce00000|  0%| F|  |TAMS 0x000000070cd00000, 0x000000070cd00000| Untracked 
| 206|0x000000070ce00000, 0x000000070ce00000, 0x000000070cf00000|  0%| F|  |TAMS 0x000000070ce00000, 0x000000070ce00000| Untracked 
| 207|0x000000070cf00000, 0x000000070cf00000, 0x000000070d000000|  0%| F|  |TAMS 0x000000070cf00000, 0x000000070cf00000| Untracked 
| 208|0x000000070d000000, 0x000000070d000000, 0x000000070d100000|  0%| F|  |TAMS 0x000000070d000000, 0x000000070d000000| Untracked 
| 209|0x000000070d100000, 0x000000070d100000, 0x000000070d200000|  0%| F|  |TAMS 0x000000070d100000, 0x000000070d100000| Untracked 
| 210|0x000000070d200000, 0x000000070d200000, 0x000000070d300000|  0%| F|  |TAMS 0x000000070d200000, 0x000000070d200000| Untracked 
| 211|0x000000070d300000, 0x000000070d300000, 0x000000070d400000|  0%| F|  |TAMS 0x000000070d300000, 0x000000070d300000| Untracked 
| 212|0x000000070d400000, 0x000000070d400000, 0x000000070d500000|  0%| F|  |TAMS 0x000000070d400000, 0x000000070d400000| Untracked 
| 213|0x000000070d500000, 0x000000070d500000, 0x000000070d600000|  0%| F|  |TAMS 0x000000070d500000, 0x000000070d500000| Untracked 
| 214|0x000000070d600000, 0x000000070d600000, 0x000000070d700000|  0%| F|  |TAMS 0x000000070d600000, 0x000000070d600000| Untracked 
| 215|0x000000070d700000, 0x000000070d700000, 0x000000070d800000|  0%| F|  |TAMS 0x000000070d700000, 0x000000070d700000| Untracked 
| 216|0x000000070d800000, 0x000000070d800000, 0x000000070d900000|  0%| F|  |TAMS 0x000000070d800000, 0x000000070d800000| Untracked 
| 217|0x000000070d900000, 0x000000070d900000, 0x000000070da00000|  0%| F|  |TAMS 0x000000070d900000, 0x000000070d900000| Untracked 
| 218|0x000000070da00000, 0x000000070da00000, 0x000000070db00000|  0%| F|  |TAMS 0x000000070da00000, 0x000000070da00000| Untracked 
| 219|0x000000070db00000, 0x000000070db00000, 0x000000070dc00000|  0%| F|  |TAMS 0x000000070db00000, 0x000000070db00000| Untracked 
| 220|0x000000070dc00000, 0x000000070dc00000, 0x000000070dd00000|  0%| F|  |TAMS 0x000000070dc00000, 0x000000070dc00000| Untracked 
| 221|0x000000070dd00000, 0x000000070dd00000, 0x000000070de00000|  0%| F|  |TAMS 0x000000070dd00000, 0x000000070dd00000| Untracked 
| 222|0x000000070de00000, 0x000000070de00000, 0x000000070df00000|  0%| F|  |TAMS 0x000000070de00000, 0x000000070de00000| Untracked 
| 223|0x000000070df00000, 0x000000070df00000, 0x000000070e000000|  0%| F|  |TAMS 0x000000070df00000, 0x000000070df00000| Untracked 
| 224|0x000000070e000000, 0x000000070e000000, 0x000000070e100000|  0%| F|  |TAMS 0x000000070e000000, 0x000000070e000000| Untracked 
| 225|0x000000070e100000, 0x000000070e100000, 0x000000070e200000|  0%| F|  |TAMS 0x000000070e100000, 0x000000070e100000| Untracked 
| 226|0x000000070e200000, 0x000000070e200000, 0x000000070e300000|  0%| F|  |TAMS 0x000000070e200000, 0x000000070e200000| Untracked 
| 227|0x000000070e300000, 0x000000070e300000, 0x000000070e400000|  0%| F|  |TAMS 0x000000070e300000, 0x000000070e300000| Untracked 
| 228|0x000000070e400000, 0x000000070e400000, 0x000000070e500000|  0%| F|  |TAMS 0x000000070e400000, 0x000000070e400000| Untracked 
| 229|0x000000070e500000, 0x000000070e500000, 0x000000070e600000|  0%| F|  |TAMS 0x000000070e500000, 0x000000070e500000| Untracked 
| 230|0x000000070e600000, 0x000000070e600000, 0x000000070e700000|  0%| F|  |TAMS 0x000000070e600000, 0x000000070e600000| Untracked 
| 231|0x000000070e700000, 0x000000070e700000, 0x000000070e800000|  0%| F|  |TAMS 0x000000070e700000, 0x000000070e700000| Untracked 
| 232|0x000000070e800000, 0x000000070e800000, 0x000000070e900000|  0%| F|  |TAMS 0x000000070e800000, 0x000000070e800000| Untracked 
| 233|0x000000070e900000, 0x000000070e900000, 0x000000070ea00000|  0%| F|  |TAMS 0x000000070e900000, 0x000000070e900000| Untracked 
| 234|0x000000070ea00000, 0x000000070ea00000, 0x000000070eb00000|  0%| F|  |TAMS 0x000000070ea00000, 0x000000070ea00000| Untracked 
| 235|0x000000070eb00000, 0x000000070eb00000, 0x000000070ec00000|  0%| F|  |TAMS 0x000000070eb00000, 0x000000070eb00000| Untracked 
| 236|0x000000070ec00000, 0x000000070ec00000, 0x000000070ed00000|  0%| F|  |TAMS 0x000000070ec00000, 0x000000070ec00000| Untracked 
| 237|0x000000070ed00000, 0x000000070ed00800, 0x000000070ee00000|  0%| E|  |TAMS 0x000000070ed00000, 0x000000070ed00000| Complete 
| 238|0x000000070ee00000, 0x000000070ef00000, 0x000000070ef00000|100%| E|CS|TAMS 0x000000070ee00000, 0x000000070ee00000| Complete 
| 239|0x000000070ef00000, 0x000000070f000000, 0x000000070f000000|100%| E|CS|TAMS 0x000000070ef00000, 0x000000070ef00000| Complete 
| 240|0x000000070f000000, 0x000000070f100000, 0x000000070f100000|100%| E|CS|TAMS 0x000000070f000000, 0x000000070f000000| Complete 
| 241|0x000000070f100000, 0x000000070f200000, 0x000000070f200000|100%| E|CS|TAMS 0x000000070f100000, 0x000000070f100000| Complete 
| 242|0x000000070f200000, 0x000000070f300000, 0x000000070f300000|100%| E|CS|TAMS 0x000000070f200000, 0x000000070f200000| Complete 
| 243|0x000000070f300000, 0x000000070f400000, 0x000000070f400000|100%| E|CS|TAMS 0x000000070f300000, 0x000000070f300000| Complete 
| 244|0x000000070f400000, 0x000000070f500000, 0x000000070f500000|100%| E|CS|TAMS 0x000000070f400000, 0x000000070f400000| Complete 
| 245|0x000000070f500000, 0x000000070f600000, 0x000000070f600000|100%| E|CS|TAMS 0x000000070f500000, 0x000000070f500000| Complete 
| 246|0x000000070f600000, 0x000000070f700000, 0x000000070f700000|100%| E|CS|TAMS 0x000000070f600000, 0x000000070f600000| Complete 
| 247|0x000000070f700000, 0x000000070f800000, 0x000000070f800000|100%| E|CS|TAMS 0x000000070f700000, 0x000000070f700000| Complete 
| 248|0x000000070f800000, 0x000000070f900000, 0x000000070f900000|100%| E|CS|TAMS 0x000000070f800000, 0x000000070f800000| Complete 
| 249|0x000000070f900000, 0x000000070fa00000, 0x000000070fa00000|100%| E|CS|TAMS 0x000000070f900000, 0x000000070f900000| Complete 
| 250|0x000000070fa00000, 0x000000070fb00000, 0x000000070fb00000|100%| E|CS|TAMS 0x000000070fa00000, 0x000000070fa00000| Complete 
| 251|0x000000070fb00000, 0x000000070fc00000, 0x000000070fc00000|100%| E|CS|TAMS 0x000000070fb00000, 0x000000070fb00000| Complete 
| 252|0x000000070fc00000, 0x000000070fd00000, 0x000000070fd00000|100%| E|CS|TAMS 0x000000070fc00000, 0x000000070fc00000| Complete 
| 253|0x000000070fd00000, 0x000000070fe00000, 0x000000070fe00000|100%| E|CS|TAMS 0x000000070fd00000, 0x000000070fd00000| Complete 
| 254|0x000000070fe00000, 0x000000070ff00000, 0x000000070ff00000|100%| E|  |TAMS 0x000000070fe00000, 0x000000070fe00000| Complete 
| 255|0x000000070ff00000, 0x0000000710000000, 0x0000000710000000|100%| E|CS|TAMS 0x000000070ff00000, 0x000000070ff00000| Complete 

Card table byte_map: [0x000000012780f000,0x000000012800f000] _byte_map_base: 0x000000012400f000

Marking Bits (Prev, Next): (CMBitMap*) 0x00007f9b3f831c18, (CMBitMap*) 0x00007f9b3f831c50
 Prev Bits: [0x000000012880f000, 0x000000012c80f000)
 Next Bits: [0x000000012c80f000, 0x000000013080f000)

Polling page: 0x00000001040f6000

Metaspace:

Usage:
  Non-class:     12.12 MB capacity,    11.82 MB ( 98%) used,   270.21 KB (  2%) free+waste,    32.81 KB ( <1%) overhead. 
      Class:      1.48 MB capacity,     1.36 MB ( 92%) used,   107.16 KB (  7%) free+waste,    15.94 KB (  1%) overhead. 
       Both:     13.60 MB capacity,    13.18 MB ( 97%) used,   377.37 KB (  3%) free+waste,    48.75 KB ( <1%) overhead. 

Virtual space:
  Non-class space:       14.00 MB reserved,      12.25 MB ( 88%) committed 
      Class space:        1.00 GB reserved,       1.50 MB ( <1%) committed 
             Both:        1.01 GB reserved,      13.75 MB (  1%) committed 

Chunk freelists:
   Non-Class:  21.00 KB
       Class:  0 bytes
        Both:  21.00 KB

MaxMetaspaceSize: unlimited
CompressedClassSpaceSize: 1.00 GB
Initial GC threshold: 20.80 MB
Current GC threshold: 20.80 MB
CDS: off

CodeHeap 'non-profiled nmethods': size=238384Kb used=1911Kb max_used=1911Kb free=236473Kb
 bounds [0x0000000118571000, 0x00000001187e1000, 0x0000000126e3d000]
CodeHeap 'non-nmethods': size=7376Kb used=1142Kb max_used=1142Kb free=6233Kb
 bounds [0x0000000117e3d000, 0x00000001180ad000, 0x0000000118571000]
 total_blobs=1523 nmethods=1115 adapters=338
 compilation: enabled
              stopped_count=0, restarted_count=0
 full_count=0

Compilation events (20 events):
Event: 2.214 Thread 0x00007f9b4f80b000 1100       1       java.lang.invoke.MethodHandleNatives::refKindIsMethod (19 bytes)
Event: 2.214 Thread 0x00007f9b4f80b000 nmethod 1100 0x0000000118748110 code [0x00000001187482c0, 0x0000000118748390]
Event: 2.214 Thread 0x00007f9b4f80b000 1101       1       java.lang.invoke.MethodHandles$Lookup::in (168 bytes)
Event: 2.217 Thread 0x00007f9b4f80b000 nmethod 1101 0x0000000118748490 code [0x0000000118748700, 0x0000000118748f40]
Event: 2.217 Thread 0x00007f9b4f80b000 1102       1       java.lang.PublicMethods$Key::matches (31 bytes)
Event: 2.219 Thread 0x00007f9b4f80b000 nmethod 1102 0x0000000118749b10 code [0x0000000118749ce0, 0x0000000118749e70]
Event: 2.222 Thread 0x00007f9b4f80b000 1103       1       java.util.concurrent.locks.AbstractQueuedSynchronizer::getState (5 bytes)
Event: 2.223 Thread 0x00007f9b4f80b000 nmethod 1103 0x000000011874a110 code [0x000000011874a2c0, 0x000000011874a370]
Event: 2.224 Thread 0x00007f9b4f80b000 1104       1       java.util.ArrayDeque::poll (5 bytes)
Event: 2.224 Thread 0x00007f9b4f80b000 nmethod 1104 0x000000011874a410 code [0x000000011874a5c0, 0x000000011874a680]
Event: 2.224 Thread 0x00007f9b4f80b000 1105       1       java.util.jar.JarFile::maybeInstantiateVerifier (112 bytes)
Event: 2.227 Thread 0x00007f9b4f80b000 nmethod 1105 0x000000011874a710 code [0x000000011874a940, 0x000000011874acf0]
Event: 2.227 Thread 0x00007f9b4f80b000 1106       1       java.util.jar.Attributes::getValue (9 bytes)
Event: 2.227 Thread 0x00007f9b4f80b000 nmethod 1106 0x000000011874b490 code [0x000000011874b640, 0x000000011874b760]
Event: 2.227 Thread 0x00007f9b4f80b000 1107       1       java.util.jar.Attributes::get (11 bytes)
Event: 2.227 Thread 0x00007f9b4f80b000 nmethod 1107 0x000000011874b890 code [0x000000011874ba40, 0x000000011874bb20]
Event: 2.231 Thread 0x00007f9b4f80b000 1108       1       java.lang.String::concat (115 bytes)
Event: 2.232 Thread 0x00007f9b4f80b000 nmethod 1108 0x000000011874bc10 code [0x000000011874be20, 0x000000011874c3c0]
Event: 2.235 Thread 0x00007f9b4f80b000 1109       1       java.lang.reflect.Constructor::getDeclaringClass (5 bytes)
Event: 2.236 Thread 0x00007f9b4f80b000 nmethod 1109 0x000000011874c910 code [0x000000011874cac0, 0x000000011874cb70]

GC Heap History (0 events):
No events

Deoptimization events (0 events):
No events

Classes redefined (0 events):
No events

Internal exceptions (20 events):
Event: 0.430 Thread 0x00007f9b48009000 Exception <a 'java/security/PrivilegedActionException'{0x000000070fee5f60}> (0x000000070fee5f60) thrown at [src/hotspot/share/prims/jvm.cpp, line 1306]
Event: 0.430 Thread 0x00007f9b48009000 Exception <a 'java/security/PrivilegedActionException'{0x000000070fee6230}> (0x000000070fee6230) thrown at [src/hotspot/share/prims/jvm.cpp, line 1306]
Event: 0.433 Thread 0x00007f9b48009000 Exception <a 'java/security/PrivilegedActionException'{0x000000070fee7d48}> (0x000000070fee7d48) thrown at [src/hotspot/share/prims/jvm.cpp, line 1306]
Event: 0.433 Thread 0x00007f9b48009000 Exception <a 'java/security/PrivilegedActionException'{0x000000070fee8018}> (0x000000070fee8018) thrown at [src/hotspot/share/prims/jvm.cpp, line 1306]
Event: 0.913 Thread 0x00007f9b48009000 Exception <a 'java/lang/NoClassDefFoundError'{0x000000070f8831f0}: jdk/internal/loader/NativeLibraries> (0x000000070f8831f0) thrown at [src/hotspot/share/classfile/systemDictionary.cpp, line 220]
Event: 1.279 Thread 0x00007f9b48009000 Exception <a 'java/lang/NoSuchMethodError'{0x000000070f735380}: 'java.lang.Object java.lang.invoke.DirectMethodHandle$Holder.invokeStaticInit(java.lang.Object, java.lang.Object, java.lang.Object)'> (0x000000070f735380) thrown at [src/hotspot/share/interpreter/linkResolver.cpp, line 773]
Event: 1.292 Thread 0x00007f9b48009000 Exception <a 'java/lang/NoSuchMethodError'{0x000000070f74f7c8}: 'int java.lang.invoke.DirectMethodHandle$Holder.invokeInterface(java.lang.Object, java.lang.Object)'> (0x000000070f74f7c8) thrown at [src/hotspot/share/interpreter/linkResolver.cpp, line 773]
Event: 1.295 Thread 0x00007f9b48009000 Exception <a 'java/lang/IncompatibleClassChangeError'{0x000000070f752540}: Found class java.lang.Object, but interface was expected> (0x000000070f752540) thrown at [src/hotspot/share/interpreter/linkResolver.cpp, line 839]
Event: 1.445 Thread 0x00007f9b48009000 Exception <a 'java/lang/NoSuchMethodError'{0x000000070f61d170}: 'java.lang.Object java.lang.invoke.DirectMethodHandle$Holder.invokeStatic(java.lang.Object, java.lang.Object, java.lang.Object, java.lang.Object, java.lang.Object, java.lang.Object, java.lang.Object, java.lang.Object, java.lang.Object, java.lang.Object, java.lang.Object, int)'> (0x000000070f61d170) thrown at [src/hotspot/share/interpreter/linkResolver.cpp, line 773]
Event: 1.454 Thread 0x00007f9b48009000 Exception <a 'java/lang/NoSuchMethodError'{0x000000070f63b568}: 'java.lang.Object java.lang.invoke.DirectMethodHandle$Holder.invokeStatic(java.lang.Object, java.lang.Object, java.lang.Object, java.lang.Object, java.lang.Object, java.lang.Object, java.lang.Object, java.lang.Object, java.lang.Object, java.lang.Object, java.lang.Object, int, int)'> (0x000000070f63b568) thrown at [src/hotspot/share/interpreter/linkResolver.cpp, line 773]
Event: 1.463 Thread 0x00007f9b48009000 Exception <a 'java/lang/NoSuchMethodError'{0x000000070f65a8d0}: 'java.lang.Object java.lang.invoke.DirectMethodHandle$Holder.invokeStatic(java.lang.Object, java.lang.Object, java.lang.Object, java.lang.Object, java.lang.Object, java.lang.Object, java.lang.Object, java.lang.Object, java.lang.Object, java.lang.Object, java.lang.Object, int, int, java.lang.Object)'> (0x000000070f65a8d0) thrown at [src/hotspot/share/interpreter/linkResolver.cpp, line 773]
Event: 1.471 Thread 0x00007f9b48009000 Exception <a 'java/lang/NoSuchMethodError'{0x000000070f67b368}: 'java.lang.Object java.lang.invoke.DirectMethodHandle$Holder.invokeStatic(java.lang.Object, java.lang.Object, java.lang.Object, java.lang.Object, java.lang.Object, java.lang.Object, java.lang.Object, java.lang.Object, java.lang.Object, java.lang.Object, java.lang.Object, int, int, java.lang.Object, java.lang.Object)'> (0x000000070f67b368) thrown at [src/hotspot/share/interpreter/linkResolver.cpp, line 773]
Event: 1.520 Thread 0x00007f9b48009000 Exception <a 'java/lang/ClassNotFoundException'{0x000000070f6cb648}: jdk/internal/platform/cgroupv1/Metrics> (0x000000070f6cb648) thrown at [src/hotspot/share/classfile/systemDictionary.cpp, line 231]
Event: 1.774 Thread 0x00007f9b48009000 Exception <a 'java/lang/NoSuchMethodError'{0x000000070f423808}: 'int java.lang.invoke.DirectMethodHandle$Holder.invokeSpecialIFC(java.lang.Object, java.lang.Object, java.lang.Object)'> (0x000000070f423808) thrown at [src/hotspot/share/interpreter/linkResolver.cpp, line 773]
Event: 1.847 Thread 0x00007f9b48009000 Exception <a 'java/lang/ClassNotFoundException'{0x000000070f4977b8}: javax/management/remote/rmi/RMIServerImpl_Skel> (0x000000070f4977b8) thrown at [src/hotspot/share/classfile/systemDictionary.cpp, line 231]
Event: 1.998 Thread 0x00007f9b48009000 Exception <a 'java/lang/ClassNotFoundException'{0x000000070f2df1b0}: javax/smartcardio/CardPermission> (0x000000070f2df1b0) thrown at [src/hotspot/share/classfile/systemDictionary.cpp, line 231]
Event: 2.022 Thread 0x00007f9b48009000 Exception <a 'java/io/FileNotFoundException'{0x000000070f2ec9c0}> (0x000000070f2ec9c0) thrown at [src/hotspot/share/prims/jni.cpp, line 616]
Event: 2.170 Thread 0x00007f9b0f02b800 Exception <a 'java/lang/NoSuchMethodError'{0x000000070ef452c0}: 'java.lang.Object java.lang.invoke.DirectMethodHandle$Holder.invokeStatic(java.lang.Object, java.lang.Object, java.lang.Object, java.lang.Object, java.lang.Object, java.lang.Object, java.lang.Object, java.lang.Object, java.lang.Object, java.lang.Object, java.lang.Object, java.lang.Object, java.lang.Object, int)'> (0x000000070ef452c0) thrown at [src/hotspot/share/interpreter/linkResolver.cpp, line 773]
Event: 2.175 Thread 0x00007f9b0f02b800 Exception <a 'java/lang/NoSuchMethodError'{0x000000070ef51ae8}: 'java.lang.Object java.lang.invoke.DirectMethodHandle$Holder.invokeStatic(java.lang.Object, java.lang.Object, java.lang.Object, java.lang.Object, java.lang.Object, java.lang.Object, java.lang.Object, java.lang.Object, java.lang.Object, java.lang.Object, java.lang.Object, java.lang.Object, java.lang.Object, int, int)'> (0x000000070ef51ae8) thrown at [src/hotspot/share/interpreter/linkResolver.cpp, line 773]
Event: 2.192 Thread 0x00007f9b0f02b800 Exception <a 'java/lang/NoSuchMethodError'{0x000000070ef6b5c0}: 'java.lang.Object java.lang.invoke.DelegatingMethodHandle$Holder.reinvoke_L(java.lang.Object, int, java.lang.Object)'> (0x000000070ef6b5c0) thrown at [src/hotspot/share/interpreter/linkResolver.cpp, line 773]

Events (20 events):
Event: 2.224 loading class org/apache/commons/logging/Log
Event: 2.224 loading class org/apache/commons/logging/Log done
Event: 2.225 loading class sun/rmi/server/LoaderHandler
Event: 2.225 loading class org/springframework/boot/SpringApplicationShutdownHook
Event: 2.225 loading class org/springframework/boot/SpringApplicationShutdownHook done
Event: 2.225 loading class sun/rmi/server/LoaderHandler done
Event: 2.227 loading class org/springframework/boot/SpringApplicationShutdownHook$Handlers
Event: 2.227 loading class org/springframework/boot/SpringApplicationShutdownHook$Handlers done
Event: 2.228 loading class java/io/ObjectInputStream$FilterValues
Event: 2.228 loading class java/io/ObjectInputStream$FilterValues done
Event: 2.228 loading class org/springframework/boot/SpringApplicationShutdownHandlers
Event: 2.228 loading class org/springframework/boot/SpringApplicationShutdownHandlers done
Event: 2.228 loading class java/io/ObjectInputStream$Logging
Event: 2.228 loading class java/io/ObjectInputStream$Logging done
Event: 2.229 loading class java/io/ObjectStreamClass$ExceptionInfo
Event: 2.229 loading class java/io/ObjectStreamClass$ExceptionInfo done
Event: 2.231 loading class org/springframework/boot/SpringApplicationShutdownHook$ApplicationContextClosedListener
Event: 2.231 loading class org/springframework/boot/SpringApplicationShutdownHook$ApplicationContextClosedListener done
Event: 2.231 loading class org/springframework/context/ApplicationListener
Event: 2.231 loading class org/springframework/context/ApplicationListener done


Dynamic libraries:
0x000000010c728000 	/Users/evgen/Library/Java/JavaVirtualMachines/corretto-11.0.13/Contents/Home/lib/jli/libjli.dylib
0x00007ff829b30000 	/System/Library/Frameworks/Cocoa.framework/Versions/A/Cocoa
0x00007ff8153d1000 	/System/Library/Frameworks/AppKit.framework/Versions/C/AppKit
0x00007ff818921000 	/System/Library/Frameworks/CoreData.framework/Versions/A/CoreData
0x00007ff8137ec000 	/System/Library/Frameworks/Foundation.framework/Versions/C/Foundation
0x00007ff81dc14000 	/usr/lib/libSystem.B.dylib
0x00007ff81625e000 	/System/Library/PrivateFrameworks/UIFoundation.framework/Versions/A/UIFoundation
0x00007ff823b08000 	/System/Library/PrivateFrameworks/RemoteViewServices.framework/Versions/A/RemoteViewServices
0x00007ff81be07000 	/System/Library/PrivateFrameworks/XCTTargetBootstrap.framework/Versions/A/XCTTargetBootstrap
0x00007ff81fadf000 	/System/Library/PrivateFrameworks/InternationalSupport.framework/Versions/A/InternationalSupport
0x00007ff81fb69000 	/System/Library/PrivateFrameworks/UserActivity.framework/Versions/A/UserActivity
0x00007ff81eec6000 	/usr/lib/libspindump.dylib
0x00007ff8164ec000 	/System/Library/Frameworks/UniformTypeIdentifiers.framework/Versions/A/UniformTypeIdentifiers
0x00007ff81a546000 	/usr/lib/libapp_launch_measurement.dylib
0x00007ff8192fb000 	/System/Library/PrivateFrameworks/CoreAnalytics.framework/Versions/A/CoreAnalytics
0x00007ff81a549000 	/System/Library/PrivateFrameworks/CoreAutoLayout.framework/Versions/A/CoreAutoLayout
0x00007ff81b768000 	/System/Library/Frameworks/Metal.framework/Versions/A/Metal
0x00007ff81c47f000 	/usr/lib/liblangid.dylib
0x00007ff81be0b000 	/System/Library/PrivateFrameworks/CoreSVG.framework/Versions/A/CoreSVG
0x00007ff8178ae000 	/System/Library/PrivateFrameworks/SkyLight.framework/Versions/A/SkyLight
0x00007ff817c3f000 	/System/Library/Frameworks/CoreGraphics.framework/Versions/A/CoreGraphics
0x00007ff824173000 	/System/Library/Frameworks/Accelerate.framework/Versions/A/Accelerate
0x00007ff81e941000 	/System/Library/PrivateFrameworks/IconServices.framework/Versions/A/IconServices
0x00007ff81b74d000 	/System/Library/Frameworks/IOSurface.framework/Versions/A/IOSurface
0x00007ff819329000 	/usr/lib/libDiagnosticMessagesClient.dylib
0x00007ff81db2e000 	/usr/lib/libz.1.dylib
0x00007ff8277d2000 	/System/Library/Frameworks/ApplicationServices.framework/Versions/A/ApplicationServices
0x00007ff81bdf3000 	/System/Library/PrivateFrameworks/DFRFoundation.framework/Versions/A/DFRFoundation
0x00007ff814cc2000 	/usr/lib/libicucore.A.dylib
0x00007ff820801000 	/System/Library/Frameworks/AudioToolbox.framework/Versions/A/AudioToolbox
0x00007ff81faeb000 	/System/Library/PrivateFrameworks/DataDetectorsCore.framework/Versions/A/DataDetectorsCore
0x00007ff91b280000 	/System/Library/PrivateFrameworks/TextInput.framework/Versions/A/TextInput
0x00007ff817831000 	/usr/lib/libMobileGestalt.dylib
0x00007ff81bafb000 	/System/Library/Frameworks/Carbon.framework/Versions/A/Frameworks/HIToolbox.framework/Versions/A/HIToolbox
0x00007ff819f74000 	/System/Library/Frameworks/QuartzCore.framework/Versions/A/QuartzCore
0x00007ff814963000 	/System/Library/Frameworks/Security.framework/Versions/A/Security
0x00007ff823b40000 	/System/Library/Frameworks/Carbon.framework/Versions/A/Frameworks/SpeechRecognition.framework/Versions/A/SpeechRecognition
0x00007ff81a2a6000 	/System/Library/PrivateFrameworks/CoreUI.framework/Versions/A/CoreUI
0x00007ff81423d000 	/System/Library/Frameworks/CoreAudio.framework/Versions/A/CoreAudio
0x00007ff819417000 	/System/Library/Frameworks/DiskArbitration.framework/Versions/A/DiskArbitration
0x00007ff81f2a9000 	/System/Library/PrivateFrameworks/MultitouchSupport.framework/Versions/A/MultitouchSupport
0x00007ff817830000 	/usr/lib/libenergytrace.dylib
0x00007ff8152bd000 	/System/Library/Frameworks/IOKit.framework/Versions/A/IOKit
0x00007ff823f2a000 	/System/Library/Frameworks/CoreServices.framework/Versions/A/CoreServices
0x00007ff81a4e0000 	/System/Library/PrivateFrameworks/PerformanceAnalysis.framework/Versions/A/PerformanceAnalysis
0x00007ffa2acef000 	/System/Library/Frameworks/OpenGL.framework/Versions/A/OpenGL
0x00007ff81d166000 	/System/Library/PrivateFrameworks/MobileKeyBag.framework/Versions/A/MobileKeyBag
0x00007ff812884000 	/usr/lib/libobjc.A.dylib
0x00007ff81836e000 	/System/Library/Frameworks/ColorSync.framework/Versions/A/ColorSync
0x00007ff812a40000 	/System/Library/Frameworks/CoreFoundation.framework/Versions/A/CoreFoundation
0x00007ff81c086000 	/System/Library/Frameworks/CoreImage.framework/Versions/A/CoreImage
0x00007ff814053000 	/System/Library/Frameworks/CoreText.framework/Versions/A/CoreText
0x00007ff81be3a000 	/System/Library/Frameworks/ImageIO.framework/Versions/A/ImageIO
0x00007ff81dc1a000 	/System/Library/PrivateFrameworks/SoftLinking.framework/Versions/A/SoftLinking
0x00007ff81a591000 	/usr/lib/libxml2.2.dylib
0x00007ff81294d000 	/usr/lib/libc++.1.dylib
0x00007ff81de9a000 	/usr/lib/libcompression.dylib
0x00007ff81fa15000 	/System/Library/PrivateFrameworks/TextureIO.framework/Versions/A/TextureIO
0x00007ff81e5ba000 	/usr/lib/libate.dylib
0x00007ff81dc0f000 	/usr/lib/system/libcache.dylib
0x00007ff81dbcb000 	/usr/lib/system/libcommonCrypto.dylib
0x00007ff81dbf4000 	/usr/lib/system/libcompiler_rt.dylib
0x00007ff81dbea000 	/usr/lib/system/libcopyfile.dylib
0x00007ff81277e000 	/usr/lib/system/libcorecrypto.dylib
0x00007ff81283d000 	/usr/lib/system/libdispatch.dylib
0x00007ff8129ff000 	/usr/lib/system/libdyld.dylib
0x00007ff81dc06000 	/usr/lib/system/libkeymgr.dylib
0x00007ff81dba9000 	/usr/lib/system/libmacho.dylib
0x00007ff81d23a000 	/usr/lib/system/libquarantine.dylib
0x00007ff81dc04000 	/usr/lib/system/libremovefile.dylib
0x00007ff81787d000 	/usr/lib/system/libsystem_asl.dylib
0x00007ff81272c000 	/usr/lib/system/libsystem_blocks.dylib
0x00007ff8128c4000 	/usr/lib/system/libsystem_c.dylib
0x00007ff81dbfc000 	/usr/lib/system/libsystem_collections.dylib
0x00007ff81c470000 	/usr/lib/system/libsystem_configuration.dylib
0x00007ff81b730000 	/usr/lib/system/libsystem_containermanager.dylib
0x00007ff81d8e2000 	/usr/lib/system/libsystem_coreservices.dylib
0x00007ff814f4b000 	/usr/lib/system/libsystem_darwin.dylib
0x00007ff81dc07000 	/usr/lib/system/libsystem_dnssd.dylib
0x00007ff8128c1000 	/usr/lib/system/libsystem_featureflags.dylib
0x00007ff812a15000 	/usr/lib/system/libsystem_info.dylib
0x00007ff81db41000 	/usr/lib/system/libsystem_m.dylib
0x00007ff812811000 	/usr/lib/system/libsystem_malloc.dylib
0x00007ff81781a000 	/usr/lib/system/libsystem_networkextension.dylib
0x00007ff815373000 	/usr/lib/system/libsystem_notify.dylib
0x00007ff823e01000 	/usr/lib/system/libsystem_product_info_filter.dylib
0x00007ff81c474000 	/usr/lib/system/libsystem_sandbox.dylib
0x00007ff81dc01000 	/usr/lib/system/libsystem_secinit.dylib
0x00007ff8129bc000 	/usr/lib/system/libsystem_kernel.dylib
0x00007ff812a0b000 	/usr/lib/system/libsystem_platform.dylib
0x00007ff8129f3000 	/usr/lib/system/libsystem_pthread.dylib
0x00007ff819141000 	/usr/lib/system/libsystem_symptoms.dylib
0x00007ff812765000 	/usr/lib/system/libsystem_trace.dylib
0x00007ff81dbd7000 	/usr/lib/system/libunwind.dylib
0x00007ff81272e000 	/usr/lib/system/libxpc.dylib
0x00007ff8129a6000 	/usr/lib/libc++abi.dylib
0x00007ff81dbe2000 	/usr/lib/liboah.dylib
0x00007ff81e373000 	/usr/lib/liblzma.5.dylib
0x00007ff8134fd000 	/System/Library/Frameworks/SystemConfiguration.framework/Versions/A/SystemConfiguration
0x00007ff81dc16000 	/usr/lib/libfakelink.dylib
0x00007ff817384000 	/System/Library/Frameworks/CFNetwork.framework/Versions/A/CFNetwork
0x00007ff81dd55000 	/usr/lib/libarchive.2.dylib
0x00007ff81c47b000 	/System/Library/PrivateFrameworks/AppleSystemInfo.framework/Versions/A/AppleSystemInfo
0x00007ff81d260000 	/usr/lib/libbsm.0.dylib
0x00007ff8169bb000 	/usr/lib/libnetwork.dylib
0x00007ff81dbaf000 	/usr/lib/system/libkxld.dylib
0x00007ff81ce8f000 	/System/Library/PrivateFrameworks/IOMobileFramebuffer.framework/Versions/A/IOMobileFramebuffer
0x00007ffb28691000 	/usr/lib/libCoreEntitlements.dylib
0x00007ff81d8c4000 	/System/Library/PrivateFrameworks/AppleFSCompression.framework/Versions/A/AppleFSCompression
0x00007ff81d249000 	/usr/lib/libcoretls.dylib
0x00007ff81e38d000 	/usr/lib/libcoretls_cfhelpers.dylib
0x00007ff81de95000 	/usr/lib/libpam.2.dylib
0x00007ff818d67000 	/usr/lib/libsqlite3.dylib
0x00007ff81e3fc000 	/usr/lib/libxar.1.dylib
0x00007ff81d8d4000 	/usr/lib/libbz2.1.0.dylib
0x00007ff81dc1b000 	/usr/lib/libpcap.A.dylib
0x00007ff819138000 	/usr/lib/libdns_services.dylib
0x00007ff81de67000 	/usr/lib/libapple_nghttp2.dylib
0x00007ff81dc52000 	/usr/lib/libiconv.2.dylib
0x00007ff81dba8000 	/usr/lib/libcharset.1.dylib
0x00007ff81a514000 	/System/Library/Frameworks/CoreServices.framework/Versions/A/Frameworks/FSEvents.framework/Versions/A/FSEvents
0x00007ff814f55000 	/System/Library/Frameworks/CoreServices.framework/Versions/A/Frameworks/CarbonCore.framework/Versions/A/CarbonCore
0x00007ff81937c000 	/System/Library/Frameworks/CoreServices.framework/Versions/A/Frameworks/Metadata.framework/Versions/A/Metadata
0x00007ff81d8e7000 	/System/Library/Frameworks/CoreServices.framework/Versions/A/Frameworks/OSServices.framework/Versions/A/OSServices
0x00007ff81dddb000 	/System/Library/Frameworks/CoreServices.framework/Versions/A/Frameworks/SearchKit.framework/Versions/A/SearchKit
0x00007ff8190ca000 	/System/Library/Frameworks/CoreServices.framework/Versions/A/Frameworks/AE.framework/Versions/A/AE
0x00007ff812f41000 	/System/Library/Frameworks/CoreServices.framework/Versions/A/Frameworks/LaunchServices.framework/Versions/A/LaunchServices
0x00007ff81e324000 	/System/Library/Frameworks/CoreServices.framework/Versions/A/Frameworks/DictionaryServices.framework/Versions/A/DictionaryServices
0x00007ff81a521000 	/System/Library/Frameworks/CoreServices.framework/Versions/A/Frameworks/SharedFileList.framework/Versions/A/SharedFileList
0x00007ff81d23d000 	/usr/lib/libCheckFix.dylib
0x00007ff817894000 	/System/Library/PrivateFrameworks/TCC.framework/Versions/A/TCC
0x00007ff81c481000 	/System/Library/PrivateFrameworks/CoreNLP.framework/Versions/A/CoreNLP
0x00007ff81932c000 	/System/Library/PrivateFrameworks/MetadataUtilities.framework/Versions/A/MetadataUtilities
0x00007ff8135ad000 	/usr/lib/libmecabra.dylib
0x00007ff81d270000 	/usr/lib/libmecab.dylib
0x00007ff813578000 	/usr/lib/libCRFSuite.dylib
0x00007ff81d2cd000 	/usr/lib/libgermantok.dylib
0x00007ff81de42000 	/usr/lib/libThaiTokenizer.dylib
0x00007ff81941e000 	/System/Library/Frameworks/Accelerate.framework/Versions/A/Frameworks/vImage.framework/Versions/A/vImage
0x00007ff823f01000 	/System/Library/Frameworks/Accelerate.framework/Versions/A/Frameworks/vecLib.framework/Versions/A/vecLib
0x00007ff81e43d000 	/System/Library/Frameworks/Accelerate.framework/Versions/A/Frameworks/vecLib.framework/Versions/A/libvMisc.dylib
0x00007ff81cc83000 	/System/Library/Frameworks/Accelerate.framework/Versions/A/Frameworks/vecLib.framework/Versions/A/libvDSP.dylib
0x00007ff8132b9000 	/System/Library/Frameworks/Accelerate.framework/Versions/A/Frameworks/vecLib.framework/Versions/A/libBLAS.dylib
0x00007ff81df77000 	/System/Library/Frameworks/Accelerate.framework/Versions/A/Frameworks/vecLib.framework/Versions/A/libLAPACK.dylib
0x00007ff81d2d0000 	/System/Library/Frameworks/Accelerate.framework/Versions/A/Frameworks/vecLib.framework/Versions/A/libLinearAlgebra.dylib
0x00007ff81de80000 	/System/Library/Frameworks/Accelerate.framework/Versions/A/Frameworks/vecLib.framework/Versions/A/libSparseBLAS.dylib
0x00007ff81df71000 	/System/Library/Frameworks/Accelerate.framework/Versions/A/Frameworks/vecLib.framework/Versions/A/libQuadrature.dylib
0x00007ff81c56b000 	/System/Library/Frameworks/Accelerate.framework/Versions/A/Frameworks/vecLib.framework/Versions/A/libBNNS.dylib
0x00007ff81348e000 	/System/Library/Frameworks/Accelerate.framework/Versions/A/Frameworks/vecLib.framework/Versions/A/libSparse.dylib
0x00007ff81c564000 	/System/Library/PrivateFrameworks/LinguisticData.framework/Versions/A/LinguisticData
0x00007ff813443000 	/System/Library/PrivateFrameworks/Lexicon.framework/Versions/A/Lexicon
0x00007ff81e436000 	/usr/lib/libChineseTokenizer.dylib
0x00007ff813ba7000 	/System/Library/PrivateFrameworks/LanguageModeling.framework/Versions/A/LanguageModeling
0x00007ff81de44000 	/System/Library/PrivateFrameworks/AppleSauce.framework/Versions/A/AppleSauce
0x00007ff81ce7d000 	/System/Library/PrivateFrameworks/CoreEmoji.framework/Versions/A/CoreEmoji
0x00007ff81dd44000 	/usr/lib/libcmph.dylib
0x00007ff81a4f8000 	/System/Library/Frameworks/OpenDirectory.framework/Versions/A/Frameworks/CFOpenDirectory.framework/Versions/A/CFOpenDirectory
0x00007ff81a4ec000 	/System/Library/Frameworks/OpenDirectory.framework/Versions/A/OpenDirectory
0x00007ff81e38f000 	/System/Library/PrivateFrameworks/APFS.framework/Versions/A/APFS
0x00007ff81d19e000 	/System/Library/Frameworks/SecurityFoundation.framework/Versions/A/SecurityFoundation
0x00007ff81e40a000 	/usr/lib/libutil.dylib
0x00007ff815280000 	/System/Library/PrivateFrameworks/CoreServicesStore.framework/Versions/A/CoreServicesStore
0x00007ff81e40e000 	/usr/lib/libxslt.1.dylib
0x00007ff81d22b000 	/System/Library/PrivateFrameworks/BackgroundTaskManagement.framework/Versions/A/BackgroundTaskManagement
0x00007ff81f937000 	/System/Library/Frameworks/ImageIO.framework/Versions/A/Resources/libRadiance.dylib
0x00007ff81f940000 	/System/Library/Frameworks/ImageIO.framework/Versions/A/Resources/libJPEG.dylib
0x00007ff81f891000 	/System/Library/Frameworks/ImageIO.framework/Versions/A/Resources/libPng.dylib
0x00007ff81f8b2000 	/System/Library/Frameworks/ImageIO.framework/Versions/A/Resources/libTIFF.dylib
0x00007ff81f99e000 	/System/Library/Frameworks/ImageIO.framework/Versions/A/Resources/libGIF.dylib
0x00007ff81f1c6000 	/System/Library/Frameworks/ImageIO.framework/Versions/A/Resources/libJP2.dylib
0x00007ff81e908000 	/usr/lib/libexpat.1.dylib
0x00007ff81f17b000 	/System/Library/PrivateFrameworks/AppleJPEG.framework/Versions/A/AppleJPEG
0x00007ff81b9c2000 	/System/Library/PrivateFrameworks/FontServices.framework/libFontParser.dylib
0x00007ff819074000 	/System/Library/PrivateFrameworks/RunningBoardServices.framework/Versions/A/RunningBoardServices
0x00007ff82a0a1000 	/System/Library/PrivateFrameworks/IOSurfaceAccelerator.framework/Versions/A/IOSurfaceAccelerator
0x00007ff81f2a5000 	/System/Library/PrivateFrameworks/WatchdogClient.framework/Versions/A/WatchdogClient
0x00007ff813c96000 	/System/Library/Frameworks/CoreDisplay.framework/Versions/A/CoreDisplay
0x00007ff81b8c2000 	/System/Library/Frameworks/CoreMedia.framework/Versions/A/CoreMedia
0x00007ff81b75f000 	/System/Library/PrivateFrameworks/IOAccelerator.framework/Versions/A/IOAccelerator
0x00007ff81a674000 	/System/Library/Frameworks/CoreVideo.framework/Versions/A/CoreVideo
0x00007ff81de93000 	/System/Library/Frameworks/MetalPerformanceShaders.framework/Versions/A/MetalPerformanceShaders
0x00007ff81f2e0000 	/System/Library/Frameworks/VideoToolbox.framework/Versions/A/VideoToolbox
0x00007ff818fbc000 	/System/Library/PrivateFrameworks/BaseBoard.framework/Versions/A/BaseBoard
0x00007ff818d4d000 	/System/Library/PrivateFrameworks/ProtocolBuffer.framework/Versions/A/ProtocolBuffer
0x00007ff81f930000 	/System/Library/PrivateFrameworks/GPUWrangler.framework/Versions/A/GPUWrangler
0x00007ff81f913000 	/System/Library/PrivateFrameworks/IOPresentment.framework/Versions/A/IOPresentment
0x00007ff81f93a000 	/System/Library/PrivateFrameworks/DSExternalDisplay.framework/Versions/A/DSExternalDisplay
0x00007ffa2ace3000 	/System/Library/Frameworks/OpenGL.framework/Versions/A/Libraries/libCoreFSCache.dylib
0x00007ffb16c90000 	/System/Library/PrivateFrameworks/GPUCompiler.framework/Versions/31001/Libraries/libGPUCompilerUtils.dylib
0x00007ff81f9a3000 	/System/Library/PrivateFrameworks/CMCaptureCore.framework/Versions/A/CMCaptureCore
0x00007ff81eeb4000 	/System/Library/PrivateFrameworks/AppServerSupport.framework/Versions/A/AppServerSupport
0x00007ff82107e000 	/System/Library/PrivateFrameworks/perfdata.framework/Versions/A/perfdata
0x00007ff813dc2000 	/System/Library/PrivateFrameworks/AudioToolboxCore.framework/Versions/A/AudioToolboxCore
0x00007ff81b89f000 	/System/Library/PrivateFrameworks/caulk.framework/Versions/A/caulk
0x00007ff8209ab000 	/usr/lib/libAudioStatistics.dylib
0x00007ff917b3f000 	/System/Library/PrivateFrameworks/SystemPolicy.framework/Versions/A/SystemPolicy
0x00007ff820bf7000 	/usr/lib/libSMC.dylib
0x00007ff8299e3000 	/System/Library/Frameworks/CoreMIDI.framework/Versions/A/CoreMIDI
0x00007ff81f861000 	/usr/lib/libAudioToolboxUtility.dylib
0x00007ff913fc7000 	/System/Library/PrivateFrameworks/OSAServicesClient.framework/Versions/A/OSAServicesClient
0x00007ff82108b000 	/usr/lib/libperfcheck.dylib
0x00007ff9185cb000 	/usr/lib/libmis.dylib
0x00007ffa2ad3f000 	/System/Library/Frameworks/OpenGL.framework/Versions/A/Libraries/libGLU.dylib
0x00007ffa2ad02000 	/System/Library/Frameworks/OpenGL.framework/Versions/A/Libraries/libGFXShared.dylib
0x00007ffa2af10000 	/System/Library/Frameworks/OpenGL.framework/Versions/A/Libraries/libGL.dylib
0x00007ffa2ad0b000 	/System/Library/Frameworks/OpenGL.framework/Versions/A/Libraries/libGLImage.dylib
0x00007ffa2acff000 	/System/Library/Frameworks/OpenGL.framework/Versions/A/Libraries/libCVMSPluginSupport.dylib
0x00007ffa2acea000 	/System/Library/Frameworks/OpenGL.framework/Versions/A/Libraries/libCoreVMClient.dylib
0x00007ff81c3ff000 	/System/Library/Frameworks/MetalPerformanceShaders.framework/Versions/A/Frameworks/MPSCore.framework/Versions/A/MPSCore
0x00007ff81d82f000 	/System/Library/Frameworks/MetalPerformanceShaders.framework/Versions/A/Frameworks/MPSImage.framework/Versions/A/MPSImage
0x00007ff81d2e6000 	/System/Library/Frameworks/MetalPerformanceShaders.framework/Versions/A/Frameworks/MPSNeuralNetwork.framework/Versions/A/MPSNeuralNetwork
0x00007ff81d75b000 	/System/Library/Frameworks/MetalPerformanceShaders.framework/Versions/A/Frameworks/MPSMatrix.framework/Versions/A/MPSMatrix
0x00007ff81d517000 	/System/Library/Frameworks/MetalPerformanceShaders.framework/Versions/A/Frameworks/MPSRayIntersector.framework/Versions/A/MPSRayIntersector
0x00007ff81d794000 	/System/Library/Frameworks/MetalPerformanceShaders.framework/Versions/A/Frameworks/MPSNDArray.framework/Versions/A/MPSNDArray
0x00007ffa2f8e8000 	/System/Library/Frameworks/MetalPerformanceShaders.framework/Versions/A/Frameworks/MPSFunctions.framework/Versions/A/MPSFunctions
0x00007ff81319c000 	/System/Library/PrivateFrameworks/MetalTools.framework/Versions/A/MetalTools
0x00007ff81c479000 	/System/Library/PrivateFrameworks/AggregateDictionary.framework/Versions/A/AggregateDictionary
0x00007ff81e6ea000 	/usr/lib/libIOReport.dylib
0x00007ffa2c31f000 	/System/Library/Frameworks/OpenCL.framework/Versions/A/OpenCL
0x00007ff81ea4e000 	/System/Library/PrivateFrameworks/FaceCore.framework/Versions/A/FaceCore
0x00007ff81ea3f000 	/System/Library/PrivateFrameworks/GraphVisualizer.framework/Versions/A/GraphVisualizer
0x00007ffb16b9b000 	/System/Library/PrivateFrameworks/FontServices.framework/Versions/A/FontServices
0x00007ff81ee6b000 	/System/Library/PrivateFrameworks/OTSVG.framework/Versions/A/OTSVG
0x00007ff81a25c000 	/System/Library/Frameworks/ApplicationServices.framework/Versions/A/Frameworks/ATS.framework/Versions/A/Resources/libFontRegistry.dylib
0x00007ff81eebc000 	/System/Library/PrivateFrameworks/FontServices.framework/libhvf.dylib
0x00007ffb16b9c000 	/System/Library/PrivateFrameworks/FontServices.framework/libXTFontStaticRegistryData.dylib
0x00007ff81e8b8000 	/System/Library/PrivateFrameworks/AppleVA.framework/Versions/A/AppleVA
0x00007ff8209cb000 	/System/Library/Frameworks/ApplicationServices.framework/Versions/A/Frameworks/ATS.framework/Versions/A/ATS
0x00007ff81846a000 	/System/Library/Frameworks/ApplicationServices.framework/Versions/A/Frameworks/HIServices.framework/Versions/A/HIServices
0x00007ff81f9ad000 	/System/Library/Frameworks/ApplicationServices.framework/Versions/A/Frameworks/PrintCore.framework/Versions/A/PrintCore
0x00007ff820d4a000 	/System/Library/Frameworks/ApplicationServices.framework/Versions/A/Frameworks/QD.framework/Versions/A/QD
0x00007ff820d42000 	/System/Library/Frameworks/ApplicationServices.framework/Versions/A/Frameworks/ColorSyncLegacy.framework/Versions/A/ColorSyncLegacy
0x00007ff8209bb000 	/System/Library/Frameworks/ApplicationServices.framework/Versions/A/Frameworks/SpeechSynthesis.framework/Versions/A/SpeechSynthesis
0x00007ff81f96e000 	/System/Library/Frameworks/ApplicationServices.framework/Versions/A/Frameworks/ATSUI.framework/Versions/A/ATSUI
0x00007ff820cd7000 	/usr/lib/libcups.2.dylib
0x00007ff82109a000 	/System/Library/Frameworks/Kerberos.framework/Versions/A/Kerberos
0x00007ff8210a9000 	/System/Library/Frameworks/GSS.framework/Versions/A/GSS
0x00007ff820a37000 	/usr/lib/libresolv.9.dylib
0x00007ff81eecb000 	/System/Library/PrivateFrameworks/Heimdal.framework/Versions/A/Heimdal
0x00007ff827b4d000 	/System/Library/Frameworks/Kerberos.framework/Versions/A/Libraries/libHeimdalProxy.dylib
0x00007ff819149000 	/System/Library/Frameworks/Network.framework/Versions/A/Network
0x00007ff81e922000 	/usr/lib/libheimdal-asn1.dylib
0x00007ff8210f4000 	/System/Library/PrivateFrameworks/CommonAuth.framework/Versions/A/CommonAuth
0x00007ff82093c000 	/System/Library/PrivateFrameworks/AudioSession.framework/Versions/A/AudioSession
0x00007ff81e9b2000 	/System/Library/PrivateFrameworks/MediaExperience.framework/Versions/A/MediaExperience
0x00007ff8207d0000 	/System/Library/PrivateFrameworks/AudioSession.framework/libSessionUtility.dylib
0x00007ff820d56000 	/System/Library/PrivateFrameworks/AudioResourceArbitration.framework/Versions/A/AudioResourceArbitration
0x00007ff81e92b000 	/System/Library/PrivateFrameworks/IconFoundation.framework/Versions/A/IconFoundation
0x00007ff823b30000 	/System/Library/PrivateFrameworks/SpeechRecognitionCore.framework/Versions/A/SpeechRecognitionCore
0x000000010c7a2000 	/System/Library/CoreServices/Encodings/libCyrillicConverter.dylib
0x000000010d54e000 	/Users/evgen/Library/Java/JavaVirtualMachines/corretto-11.0.13/Contents/Home/lib/server/libjvm.dylib
0x000000010c820000 	/Users/evgen/Library/Java/JavaVirtualMachines/corretto-11.0.13/Contents/Home/lib/libverify.dylib
0x000000010c877000 	/Users/evgen/Library/Java/JavaVirtualMachines/corretto-11.0.13/Contents/Home/lib/libjava.dylib
0x000000010c7b6000 	/Users/evgen/Library/Java/JavaVirtualMachines/corretto-11.0.13/Contents/Home/lib/libjimage.dylib
0x000000010c8e2000 	/Users/evgen/Library/Java/JavaVirtualMachines/corretto-11.0.13/Contents/Home/lib/libinstrument.dylib
0x000000010c9a1000 	/private/var/folders/ww/n0yywdw171n27tskx37jqwkw0000gn/T/libasyncProfiler.so
0x000000010c94a000 	/Users/evgen/Library/Java/JavaVirtualMachines/corretto-11.0.13/Contents/Home/lib/libzip.dylib
0x0000000134e00000 	/Users/evgen/Library/Java/JavaVirtualMachines/corretto-11.0.13/Contents/Home/lib/libnio.dylib
0x0000000134e50000 	/Users/evgen/Library/Java/JavaVirtualMachines/corretto-11.0.13/Contents/Home/lib/libnet.dylib
0x000000010c7ec000 	/Users/evgen/Library/Java/JavaVirtualMachines/corretto-11.0.13/Contents/Home/lib/libextnet.dylib
0x000000013504d000 	/Users/evgen/Library/Java/JavaVirtualMachines/corretto-11.0.13/Contents/Home/lib/libmanagement.dylib
0x0000000135076000 	/Users/evgen/Library/Java/JavaVirtualMachines/corretto-11.0.13/Contents/Home/lib/libmanagement_ext.dylib


VM Arguments:
jvm_args: -XX:TieredStopAtLevel=1 -Xverify:none -Dspring.output.ansi.enabled=always -javaagent:/Applications/IntelliJ IDEA 2.app/Contents/lib/idea_rt.jar=52015:/Applications/IntelliJ IDEA 2.app/Contents/bin -Dcom.sun.management.jmxremote -Dspring.jmx.enabled=true -Dspring.liveBeansView.mbeanDomain -Dspring.application.admin.enabled=true -agentpath:/private/var/folders/ww/n0yywdw171n27tskx37jqwkw0000gn/T/libasyncProfiler.so=start,jfr,event=cpu,interval=1ms,event=alloc,file=/Users/evgen/NotesStorageApplication__1__2021_11_21_025036.jfr -Dfile.encoding=UTF-8 
java_command: com.example.notesStorage.NotesStorageApplication
java_class_path (initial): /Users/evgen/IDEAProjects/NotesStorage/target/classes:/Users/evgen/Library/Application Support/JetBrains/IntelliJIdea2021.2/javascript/extLibs/http_cdn.bootcss.com_swagger-ui_3.36.1_swagger-ui.css:/Users/evgen/Library/Application Support/JetBrains/IntelliJIdea2021.2/javascript/extLibs/http_cdn.bootcss.com_swagger-ui_3.36.1_swagger-ui-bundle.js:/Users/evgen/Library/Application Support/JetBrains/IntelliJIdea2021.2/javascript/extLibs/http_cdn.bootcss.com_swagger-ui_3.36.1_swagger-ui-standalone-preset.js:/Users/evgen/Library/Application Support/JetBrains/IntelliJIdea2021.2/javascript/extLibs/http_cdn.jsdelivr.net_npm_bootstrap-icons@1.7.1_font_bootstrap-icons.css:/Users/evgen/.m2/repository/org/springframework/boot/spring-boot-starter-data-jpa/2.5.6/spring-boot-starter-data-jpa-2.5.6.jar:/Users/evgen/.m2/repository/org/springframework/boot/spring-boot-starter-aop/2.5.6/spring-boot-starter-aop-2.5.6.jar:/Users/evgen/.m2/repository/org/aspectj/aspectjweaver/1.9.7/aspectjweaver-1.9.7.jar:/Users/evgen/.m2/repository/org/springframework/boot/spring-boot-starter-jdbc/2.5.6/spring-boot-starter-jdbc-2.5.6.jar:/Users/evgen/.m2/repository/com/zaxxer/HikariCP/4.0.3/HikariCP-4.0.3.jar:/Users/evgen/.m2/repository/org/springframework/spring-jdbc/5.3.12/spring-jdbc-5.3.12.jar:/Users/evgen/.m2/repository/jakarta/transaction/jakarta.transaction-api/1.3.3/jakarta.transaction-api-1.3.3.jar:/Users/evgen/.m2/repository/jakarta/persistence/jakarta.persistence-api/2.2.3/jakarta.persistence-api-2.2.3.jar:/Users/evgen/.m2/repository/org/hibernate/hibernate-core/5.4.32.Final/hibernate-core-5.4.32.Final.jar:/Users/evgen/.m2/repository/org/javassist/javassist/3.27.0-GA/javassist-3.27.0-GA.jar:/Users/evgen/.m2/repository/net/bytebuddy/byte-buddy/1.10.22/byte-buddy-1.10.22.jar:/Users/evgen/.m2/repository/antlr/antlr/2.7.7/antlr-2.7.7.jar:/Users/evgen/.m2/repository/org/jboss/jandex/2.2.3.Final/jandex-2.2.3.Final.jar:/Users/evgen/.m2/repository/org/dom4j/dom4j/2.1.3/dom4j
Launcher Type: SUN_STANDARD

[Global flags]
     bool BytecodeVerificationLocal                = false                                     {product} {command line}
     bool BytecodeVerificationRemote               = false                                     {product} {command line}
     intx CICompilerCount                          = 4                                         {product} {ergonomic}
     uint ConcGCThreads                            = 2                                         {product} {ergonomic}
     uint G1ConcRefinementThreads                  = 8                                         {product} {ergonomic}
   size_t G1HeapRegionSize                         = 1048576                                   {product} {ergonomic}
    uintx GCDrainStackTargetSize                   = 64                                        {product} {ergonomic}
   size_t InitialHeapSize                          = 268435456                                 {product} {ergonomic}
     bool ManagementServer                         = true                                      {product} {command line}
   size_t MarkStackSize                            = 4194304                                   {product} {ergonomic}
   size_t MaxHeapSize                              = 4294967296                                {product} {ergonomic}
   size_t MaxNewSize                               = 2576351232                                {product} {ergonomic}
   size_t MinHeapDeltaBytes                        = 1048576                                   {product} {ergonomic}
    uintx NonNMethodCodeHeapSize                   = 7549744                                {pd product} {ergonomic}
    uintx NonProfiledCodeHeapSize                  = 244108496                              {pd product} {ergonomic}
    uintx ProfiledCodeHeapSize                     = 0                                      {pd product} {ergonomic}
    uintx ReservedCodeCacheSize                    = 251658240                              {pd product} {ergonomic}
     bool SegmentedCodeCache                       = true                                      {product} {ergonomic}
     intx TieredStopAtLevel                        = 1                                         {product} {command line}
     bool UseCompressedClassPointers               = true                                 {lp64_product} {ergonomic}
     bool UseCompressedOops                        = true                                 {lp64_product} {ergonomic}
     bool UseG1GC                                  = true                                      {product} {ergonomic}

Logging:
Log output configuration:
 #0: stdout all=warning uptime,level,tags
 #1: stderr all=off uptime,level,tags

Environment Variables:
PATH=/usr/local/bin:/usr/bin:/bin:/usr/sbin:/sbin:new
SHELL=/bin/zsh
LC_CTYPE=ru_UA.UTF-8

Signal Handlers:
SIGSEGV: [libjvm.dylib+0x7cd036], sa_mask[0]=11111111111111111111111111111111, sa_flags=SA_ONSTACK|SA_RESTART|SA_SIGINFO
SIGBUS: [libjvm.dylib+0x7cd036], sa_mask[0]=11111111111111111111111111111111, sa_flags=SA_RESTART|SA_SIGINFO
SIGFPE: [libjvm.dylib+0x7cd036], sa_mask[0]=11111111111111111111111111111111, sa_flags=SA_RESTART|SA_SIGINFO
SIGPIPE: [libjvm.dylib+0x63099c], sa_mask[0]=11111111111111111111111111111111, sa_flags=SA_RESTART|SA_SIGINFO
SIGXFSZ: [libjvm.dylib+0x63099c], sa_mask[0]=11111111111111111111111111111111, sa_flags=SA_RESTART|SA_SIGINFO
SIGILL: [libjvm.dylib+0x7cd036], sa_mask[0]=11111111111111111111111111111111, sa_flags=SA_RESTART|SA_SIGINFO
SIGUSR2: [libjvm.dylib+0x630f7a], sa_mask[0]=00100000000000000000000000000000, sa_flags=SA_RESTART|SA_SIGINFO
SIGHUP: [libjvm.dylib+0x62fb2d], sa_mask[0]=11111111111111111111111111111111, sa_flags=SA_RESTART|SA_SIGINFO
SIGINT: [libjvm.dylib+0x62fb2d], sa_mask[0]=11111111111111111111111111111111, sa_flags=SA_RESTART|SA_SIGINFO
SIGTERM: [libjvm.dylib+0x62fb2d], sa_mask[0]=11111111111111111111111111111111, sa_flags=SA_RESTART|SA_SIGINFO
SIGQUIT: [libjvm.dylib+0x62fb2d], sa_mask[0]=11111111111111111111111111111111, sa_flags=SA_RESTART|SA_SIGINFO


---------------  S Y S T E M  ---------------

OS:uname:Darwin 21.1.0 Darwin Kernel Version 21.1.0: Wed Oct 13 17:33:24 PDT 2021; root:xnu-8019.41.5~1/RELEASE_ARM64_T8101 x86_64
OS uptime: 1 days 8:19 hours
rlimit (soft/hard): STACK 8176k/65520k , CORE 0k/infinity , NPROC 2666/4000 , NOFILE 10240/infinity , AS infinity/infinity , CPU infinity/infinity , DATA infinity/infinity , FSIZE infinity/infinity , MEMLOCK infinity/infinity , RSS infinity/infinity
load average:2.24 1.98 1.92

CPU:total 8 (initial active 8) (1 cores per cpu, 1 threads per core) family 6 model 44 stepping 0 microcode 0x0, cmov, cx8, fxsr, mmx, sse, sse2, sse3, ssse3, sse4.1, sse4.2, popcnt, aes, clmul, tsc, tscinvbit, tscinv

Memory: 4k page, physical 16777216k(75868k free), swap 1048576k(1038848k free)

vm_info: OpenJDK 64-Bit Server VM (11.0.13+8-LTS) for bsd-amd64 JRE (11.0.13+8-LTS), built on Oct 13 2021 21:26:47 by "ec2user" with clang Apple LLVM 13.0.0 (clang-1300.0.29.3)

END.
